<?xml version="1.0" encoding="UTF-8"?>
<testng-results skipped="1" failed="0" total="43" passed="42">
  <reporter-output>
  </reporter-output>
  <suite name="Default suite" duration-ms="3265247" started-at="2021-03-17T04:44:24Z" finished-at="2021-03-17T05:38:50Z">
    <groups>
    </groups>
    <test name="Default test" duration-ms="3265247" started-at="2021-03-17T04:44:24Z" finished-at="2021-03-17T05:38:50Z">
      <class name="ExtentReport.ExtentReportsClass">
        <test-method status="PASS" signature="startReport()[pri:0, instance:ExtentReport.ExtentReportsClass@71318ec4]" name="startReport" is-config="true" duration-ms="702" started-at="2021-03-17T10:14:24Z" finished-at="2021-03-17T10:14:25Z">
          <reporter-output>
          </reporter-output>
        </test-method> <!-- startReport -->
        <test-method status="PASS" signature="GodigitAzureO365(java.lang.String, java.lang.String)[pri:1, instance:ExtentReport.ExtentReportsClass@71318ec4]" name="GodigitAzureO365" duration-ms="98320" started-at="2021-03-17T10:14:27Z" data-provider="GodigitAzureO365" finished-at="2021-03-17T10:16:05Z">
          <params>
            <param index="0">
              <value>
                <![CDATA[https://palmdrsa-d4ghgmiwxuiai.centralindia.cloudapp.azure.com:8080/nifi/]]>
              </value>
            </param>
            <param index="1">
              <value>
                <![CDATA[GodigitAzureAndO365]]>
              </value>
            </param>
          </params>
          <reporter-output>
          </reporter-output>
        </test-method> <!-- GodigitAzureO365 -->
        <test-method status="PASS" signature="getResult(org.testng.ITestResult)[pri:0, instance:ExtentReport.ExtentReportsClass@71318ec4]" name="getResult" is-config="true" duration-ms="7" started-at="2021-03-17T10:16:05Z" finished-at="2021-03-17T10:16:05Z">
          <params>
            <param index="0">
              <value>
                <![CDATA[[TestResult name=GodigitAzureO365 status=SUCCESS method=ExtentReportsClass.GodigitAzureO365(java.lang.String, java.lang.String)[pri:1, instance:ExtentReport.ExtentReportsClass@71318ec4] output={null}]]]>
              </value>
            </param>
          </params>
          <reporter-output>
          </reporter-output>
        </test-method> <!-- getResult -->
        <test-method status="PASS" signature="ASMShippingwithAzureO365(java.lang.String, java.lang.String)[pri:2, instance:ExtentReport.ExtentReportsClass@71318ec4]" name="ASMShippingwithAzureO365" duration-ms="89378" started-at="2021-03-17T10:16:05Z" data-provider="ASM" finished-at="2021-03-17T10:17:34Z">
          <params>
            <param index="0">
              <value>
                <![CDATA[https://104.211.163.127:8080/nifi/]]>
              </value>
            </param>
            <param index="1">
              <value>
                <![CDATA[ASM Shipping Pvt Ltd ]]>
              </value>
            </param>
          </params>
          <reporter-output>
          </reporter-output>
        </test-method> <!-- ASMShippingwithAzureO365 -->
        <test-method status="PASS" signature="getResult(org.testng.ITestResult)[pri:0, instance:ExtentReport.ExtentReportsClass@71318ec4]" name="getResult" is-config="true" duration-ms="0" started-at="2021-03-17T10:17:34Z" finished-at="2021-03-17T10:17:34Z">
          <params>
            <param index="0">
              <value>
                <![CDATA[[TestResult name=ASMShippingwithAzureO365 status=SUCCESS method=ExtentReportsClass.ASMShippingwithAzureO365(java.lang.String, java.lang.String)[pri:2, instance:ExtentReport.ExtentReportsClass@71318ec4] output={null}]]]>
              </value>
            </param>
          </params>
          <reporter-output>
          </reporter-output>
        </test-method> <!-- getResult -->
        <test-method status="PASS" signature="IslamicDevelopmentBankWithAzure(java.lang.String, java.lang.String)[pri:3, instance:ExtentReport.ExtentReportsClass@71318ec4]" name="IslamicDevelopmentBankWithAzure" duration-ms="32508" started-at="2021-03-17T10:17:35Z" data-provider="IslamicDevelopmentBank" finished-at="2021-03-17T10:18:07Z">
          <params>
            <param index="0">
              <value>
                <![CDATA[https://20.196.2.29:8080/nifi]]>
              </value>
            </param>
            <param index="1">
              <value>
                <![CDATA[Islamic Development Bank]]>
              </value>
            </param>
          </params>
          <reporter-output>
          </reporter-output>
        </test-method> <!-- IslamicDevelopmentBankWithAzure -->
        <test-method status="PASS" signature="getResult(org.testng.ITestResult)[pri:0, instance:ExtentReport.ExtentReportsClass@71318ec4]" name="getResult" is-config="true" duration-ms="1" started-at="2021-03-17T10:18:07Z" finished-at="2021-03-17T10:18:07Z">
          <params>
            <param index="0">
              <value>
                <![CDATA[[TestResult name=IslamicDevelopmentBankWithAzure status=SUCCESS method=ExtentReportsClass.IslamicDevelopmentBankWithAzure(java.lang.String, java.lang.String)[pri:3, instance:ExtentReport.ExtentReportsClass@71318ec4] output={null}]]]>
              </value>
            </param>
          </params>
          <reporter-output>
          </reporter-output>
        </test-method> <!-- getResult -->
        <test-method status="PASS" signature="UtilitySupplyandConstructionWithAzure(java.lang.String, java.lang.String)[pri:4, instance:ExtentReport.ExtentReportsClass@71318ec4]" name="UtilitySupplyandConstructionWithAzure" duration-ms="104150" started-at="2021-03-17T10:18:07Z" data-provider="UtilitySupplyandConstruction" finished-at="2021-03-17T10:19:51Z">
          <params>
            <param index="0">
              <value>
                <![CDATA[https://20.186.107.137:8080/nifi]]>
              </value>
            </param>
            <param index="1">
              <value>
                <![CDATA[Utility Supply and Construction Company]]>
              </value>
            </param>
          </params>
          <reporter-output>
          </reporter-output>
        </test-method> <!-- UtilitySupplyandConstructionWithAzure -->
        <test-method status="PASS" signature="getResult(org.testng.ITestResult)[pri:0, instance:ExtentReport.ExtentReportsClass@71318ec4]" name="getResult" is-config="true" duration-ms="1" started-at="2021-03-17T10:19:51Z" finished-at="2021-03-17T10:19:51Z">
          <params>
            <param index="0">
              <value>
                <![CDATA[[TestResult name=UtilitySupplyandConstructionWithAzure status=SUCCESS method=ExtentReportsClass.UtilitySupplyandConstructionWithAzure(java.lang.String, java.lang.String)[pri:4, instance:ExtentReport.ExtentReportsClass@71318ec4] output={null}]]]>
              </value>
            </param>
          </params>
          <reporter-output>
          </reporter-output>
        </test-method> <!-- getResult -->
        <test-method status="PASS" signature="Godrej534455632755WithAWS(java.lang.String, java.lang.String)[pri:5, instance:ExtentReport.ExtentReportsClass@71318ec4]" name="Godrej534455632755WithAWS" duration-ms="57520" started-at="2021-03-17T10:19:52Z" data-provider="Godrej534455632755" finished-at="2021-03-17T10:20:49Z">
          <params>
            <param index="0">
              <value>
                <![CDATA[https://65.1.20.66:8080/nifi]]>
              </value>
            </param>
            <param index="1">
              <value>
                <![CDATA[Godrej-534455632755]]>
              </value>
            </param>
          </params>
          <reporter-output>
          </reporter-output>
        </test-method> <!-- Godrej534455632755WithAWS -->
        <test-method status="PASS" signature="getResult(org.testng.ITestResult)[pri:0, instance:ExtentReport.ExtentReportsClass@71318ec4]" name="getResult" is-config="true" duration-ms="1" started-at="2021-03-17T10:20:49Z" finished-at="2021-03-17T10:20:49Z">
          <params>
            <param index="0">
              <value>
                <![CDATA[[TestResult name=Godrej534455632755WithAWS status=SUCCESS method=ExtentReportsClass.Godrej534455632755WithAWS(java.lang.String, java.lang.String)[pri:5, instance:ExtentReport.ExtentReportsClass@71318ec4] output={null}]]]>
              </value>
            </param>
          </params>
          <reporter-output>
          </reporter-output>
        </test-method> <!-- getResult -->
        <test-method status="PASS" signature="Godrej260379443925WithAWS(java.lang.String, java.lang.String)[pri:6, instance:ExtentReport.ExtentReportsClass@71318ec4]" name="Godrej260379443925WithAWS" duration-ms="88286" started-at="2021-03-17T10:20:49Z" data-provider="Godrej260379443925" finished-at="2021-03-17T10:22:18Z">
          <params>
            <param index="0">
              <value>
                <![CDATA[https://13.235.98.155:8080/nifi]]>
              </value>
            </param>
            <param index="1">
              <value>
                <![CDATA[Godrej-260379443925]]>
              </value>
            </param>
          </params>
          <reporter-output>
          </reporter-output>
        </test-method> <!-- Godrej260379443925WithAWS -->
        <test-method status="PASS" signature="getResult(org.testng.ITestResult)[pri:0, instance:ExtentReport.ExtentReportsClass@71318ec4]" name="getResult" is-config="true" duration-ms="1" started-at="2021-03-17T10:22:18Z" finished-at="2021-03-17T10:22:18Z">
          <params>
            <param index="0">
              <value>
                <![CDATA[[TestResult name=Godrej260379443925WithAWS status=SUCCESS method=ExtentReportsClass.Godrej260379443925WithAWS(java.lang.String, java.lang.String)[pri:6, instance:ExtentReport.ExtentReportsClass@71318ec4] output={null}]]]>
              </value>
            </param>
          </params>
          <reporter-output>
          </reporter-output>
        </test-method> <!-- getResult -->
        <test-method status="PASS" signature="Godrej541586383052WithAWS(java.lang.String, java.lang.String)[pri:7, instance:ExtentReport.ExtentReportsClass@71318ec4]" name="Godrej541586383052WithAWS" duration-ms="85316" started-at="2021-03-17T10:22:18Z" data-provider="Godrej541586383052" finished-at="2021-03-17T10:23:43Z">
          <params>
            <param index="0">
              <value>
                <![CDATA[https://3.6.171.147:8080/nifi]]>
              </value>
            </param>
            <param index="1">
              <value>
                <![CDATA[Godrej-541586383052]]>
              </value>
            </param>
          </params>
          <reporter-output>
          </reporter-output>
        </test-method> <!-- Godrej541586383052WithAWS -->
        <test-method status="PASS" signature="getResult(org.testng.ITestResult)[pri:0, instance:ExtentReport.ExtentReportsClass@71318ec4]" name="getResult" is-config="true" duration-ms="2" started-at="2021-03-17T10:23:43Z" finished-at="2021-03-17T10:23:43Z">
          <params>
            <param index="0">
              <value>
                <![CDATA[[TestResult name=Godrej541586383052WithAWS status=SUCCESS method=ExtentReportsClass.Godrej541586383052WithAWS(java.lang.String, java.lang.String)[pri:7, instance:ExtentReport.ExtentReportsClass@71318ec4] output={null}]]]>
              </value>
            </param>
          </params>
          <reporter-output>
          </reporter-output>
        </test-method> <!-- getResult -->
        <test-method status="PASS" signature="DHL1(java.lang.String, java.lang.String)[pri:8, instance:ExtentReport.ExtentReportsClass@71318ec4]" name="DHL1" duration-ms="57415" started-at="2021-03-17T10:23:43Z" data-provider="DHL1" finished-at="2021-03-17T10:24:41Z">
          <params>
            <param index="0">
              <value>
                <![CDATA[https://18.140.168.60:8080/nifi/]]>
              </value>
            </param>
            <param index="1">
              <value>
                <![CDATA[DHL1]]>
              </value>
            </param>
          </params>
          <reporter-output>
          </reporter-output>
        </test-method> <!-- DHL1 -->
        <test-method status="PASS" signature="getResult(org.testng.ITestResult)[pri:0, instance:ExtentReport.ExtentReportsClass@71318ec4]" name="getResult" is-config="true" duration-ms="1" started-at="2021-03-17T10:24:41Z" finished-at="2021-03-17T10:24:41Z">
          <params>
            <param index="0">
              <value>
                <![CDATA[[TestResult name=DHL1 status=SUCCESS method=ExtentReportsClass.DHL1(java.lang.String, java.lang.String)[pri:8, instance:ExtentReport.ExtentReportsClass@71318ec4] output={null}]]]>
              </value>
            </param>
          </params>
          <reporter-output>
          </reporter-output>
        </test-method> <!-- getResult -->
        <test-method status="PASS" signature="PaladionNetworksWithAzureAndOffice365(java.lang.String, java.lang.String)[pri:8, instance:ExtentReport.ExtentReportsClass@71318ec4]" name="PaladionNetworksWithAzureAndOffice365" duration-ms="55942" started-at="2021-03-17T10:24:41Z" data-provider="paladionNetworksWithO365Data" finished-at="2021-03-17T10:25:37Z">
          <params>
            <param index="0">
              <value>
                <![CDATA[http://palmdrsa-rvkpxf73t5m64.eastus.cloudapp.azure.com:8080/nifi]]>
              </value>
            </param>
            <param index="1">
              <value>
                <![CDATA[PaladionNetworksWithAzure AndOffice 365]]>
              </value>
            </param>
          </params>
          <reporter-output>
          </reporter-output>
        </test-method> <!-- PaladionNetworksWithAzureAndOffice365 -->
        <test-method status="PASS" signature="getResult(org.testng.ITestResult)[pri:0, instance:ExtentReport.ExtentReportsClass@71318ec4]" name="getResult" is-config="true" duration-ms="1" started-at="2021-03-17T10:25:37Z" finished-at="2021-03-17T10:25:37Z">
          <params>
            <param index="0">
              <value>
                <![CDATA[[TestResult name=PaladionNetworksWithAzureAndOffice365 status=SUCCESS method=ExtentReportsClass.PaladionNetworksWithAzureAndOffice365(java.lang.String, java.lang.String)[pri:8, instance:ExtentReport.ExtentReportsClass@71318ec4] output={null}]]]>
              </value>
            </param>
          </params>
          <reporter-output>
          </reporter-output>
        </test-method> <!-- getResult -->
        <test-method status="PASS" signature="DHL2(java.lang.String, java.lang.String)[pri:9, instance:ExtentReport.ExtentReportsClass@71318ec4]" name="DHL2" duration-ms="89047" started-at="2021-03-17T10:25:37Z" data-provider="DHL2" finished-at="2021-03-17T10:27:06Z">
          <params>
            <param index="0">
              <value>
                <![CDATA[https://3.1.107.64:8080/nifi/]]>
              </value>
            </param>
            <param index="1">
              <value>
                <![CDATA[DHL2]]>
              </value>
            </param>
          </params>
          <reporter-output>
          </reporter-output>
        </test-method> <!-- DHL2 -->
        <test-method status="PASS" signature="getResult(org.testng.ITestResult)[pri:0, instance:ExtentReport.ExtentReportsClass@71318ec4]" name="getResult" is-config="true" duration-ms="1" started-at="2021-03-17T10:27:06Z" finished-at="2021-03-17T10:27:06Z">
          <params>
            <param index="0">
              <value>
                <![CDATA[[TestResult name=DHL2 status=SUCCESS method=ExtentReportsClass.DHL2(java.lang.String, java.lang.String)[pri:9, instance:ExtentReport.ExtentReportsClass@71318ec4] output={null}]]]>
              </value>
            </param>
          </params>
          <reporter-output>
          </reporter-output>
        </test-method> <!-- getResult -->
        <test-method status="PASS" signature="DHL3(java.lang.String, java.lang.String)[pri:9, instance:ExtentReport.ExtentReportsClass@71318ec4]" name="DHL3" duration-ms="97620" started-at="2021-03-17T10:27:06Z" data-provider="DHL3" finished-at="2021-03-17T10:28:44Z">
          <params>
            <param index="0">
              <value>
                <![CDATA[https://13.251.101.99:8080/nifi/]]>
              </value>
            </param>
            <param index="1">
              <value>
                <![CDATA[DHL3]]>
              </value>
            </param>
          </params>
          <reporter-output>
          </reporter-output>
        </test-method> <!-- DHL3 -->
        <test-method status="PASS" signature="getResult(org.testng.ITestResult)[pri:0, instance:ExtentReport.ExtentReportsClass@71318ec4]" name="getResult" is-config="true" duration-ms="1" started-at="2021-03-17T10:28:44Z" finished-at="2021-03-17T10:28:44Z">
          <params>
            <param index="0">
              <value>
                <![CDATA[[TestResult name=DHL3 status=SUCCESS method=ExtentReportsClass.DHL3(java.lang.String, java.lang.String)[pri:9, instance:ExtentReport.ExtentReportsClass@71318ec4] output={null}]]]>
              </value>
            </param>
          </params>
          <reporter-output>
          </reporter-output>
        </test-method> <!-- getResult -->
        <test-method status="PASS" signature="PaladionNetworksWithAzure(java.lang.String, java.lang.String)[pri:9, instance:ExtentReport.ExtentReportsClass@71318ec4]" name="PaladionNetworksWithAzure" duration-ms="57188" started-at="2021-03-17T10:28:44Z" data-provider="paladionNetworksAzure" finished-at="2021-03-17T10:29:41Z">
          <params>
            <param index="0">
              <value>
                <![CDATA[http://palmdrsa-3263t7bgjnuku.eastus.cloudapp.azure.com:8080/nifi]]>
              </value>
            </param>
            <param index="1">
              <value>
                <![CDATA[Paladion Networks With Azure]]>
              </value>
            </param>
          </params>
          <reporter-output>
          </reporter-output>
        </test-method> <!-- PaladionNetworksWithAzure -->
        <test-method status="PASS" signature="getResult(org.testng.ITestResult)[pri:0, instance:ExtentReport.ExtentReportsClass@71318ec4]" name="getResult" is-config="true" duration-ms="0" started-at="2021-03-17T10:29:41Z" finished-at="2021-03-17T10:29:41Z">
          <params>
            <param index="0">
              <value>
                <![CDATA[[TestResult name=PaladionNetworksWithAzure status=SUCCESS method=ExtentReportsClass.PaladionNetworksWithAzure(java.lang.String, java.lang.String)[pri:9, instance:ExtentReport.ExtentReportsClass@71318ec4] output={null}]]]>
              </value>
            </param>
          </params>
          <reporter-output>
          </reporter-output>
        </test-method> <!-- getResult -->
        <test-method status="PASS" signature="PaladionNetworksWithAws(java.lang.String, java.lang.String)[pri:10, instance:ExtentReport.ExtentReportsClass@71318ec4]" name="PaladionNetworksWithAws" duration-ms="85403" started-at="2021-03-17T10:29:41Z" data-provider="paladionNetworkswithAws" finished-at="2021-03-17T10:31:06Z">
          <params>
            <param index="0">
              <value>
                <![CDATA[http://3.238.190.210:9090/nifi/]]>
              </value>
            </param>
            <param index="1">
              <value>
                <![CDATA[Paladion Networks with AWS]]>
              </value>
            </param>
          </params>
          <reporter-output>
          </reporter-output>
        </test-method> <!-- PaladionNetworksWithAws -->
        <test-method status="PASS" signature="getResult(org.testng.ITestResult)[pri:0, instance:ExtentReport.ExtentReportsClass@71318ec4]" name="getResult" is-config="true" duration-ms="0" started-at="2021-03-17T10:31:06Z" finished-at="2021-03-17T10:31:06Z">
          <params>
            <param index="0">
              <value>
                <![CDATA[[TestResult name=PaladionNetworksWithAws status=SUCCESS method=ExtentReportsClass.PaladionNetworksWithAws(java.lang.String, java.lang.String)[pri:10, instance:ExtentReport.ExtentReportsClass@71318ec4] output={null}]]]>
              </value>
            </param>
          </params>
          <reporter-output>
          </reporter-output>
        </test-method> <!-- getResult -->
        <test-method status="PASS" signature="AlMuhaidib(java.lang.String, java.lang.String)[pri:11, instance:ExtentReport.ExtentReportsClass@71318ec4]" name="AlMuhaidib" duration-ms="85447" started-at="2021-03-17T10:31:07Z" data-provider="AlMuhaidib" finished-at="2021-03-17T10:32:32Z">
          <params>
            <param index="0">
              <value>
                <![CDATA[http://palmdrsa-vlpnybdm62kk2.westeurope.cloudapp.azure.com:8080/nifi]]>
              </value>
            </param>
            <param index="1">
              <value>
                <![CDATA[Al Muhaidib]]>
              </value>
            </param>
          </params>
          <reporter-output>
          </reporter-output>
        </test-method> <!-- AlMuhaidib -->
        <test-method status="PASS" signature="getResult(org.testng.ITestResult)[pri:0, instance:ExtentReport.ExtentReportsClass@71318ec4]" name="getResult" is-config="true" duration-ms="0" started-at="2021-03-17T10:32:32Z" finished-at="2021-03-17T10:32:32Z">
          <params>
            <param index="0">
              <value>
                <![CDATA[[TestResult name=AlMuhaidib status=SUCCESS method=ExtentReportsClass.AlMuhaidib(java.lang.String, java.lang.String)[pri:11, instance:ExtentReport.ExtentReportsClass@71318ec4] output={null}]]]>
              </value>
            </param>
          </params>
          <reporter-output>
          </reporter-output>
        </test-method> <!-- getResult -->
        <test-method status="PASS" signature="GoDigitWithAWS(java.lang.String, java.lang.String)[pri:12, instance:ExtentReport.ExtentReportsClass@71318ec4]" name="GoDigitWithAWS" duration-ms="83761" started-at="2021-03-17T10:32:32Z" data-provider="goDigitData" finished-at="2021-03-17T10:33:56Z">
          <params>
            <param index="0">
              <value>
                <![CDATA[http://13.127.231.73:9090/nifi/]]>
              </value>
            </param>
            <param index="1">
              <value>
                <![CDATA[GoDigitAws]]>
              </value>
            </param>
          </params>
          <reporter-output>
          </reporter-output>
        </test-method> <!-- GoDigitWithAWS -->
        <test-method status="PASS" signature="getResult(org.testng.ITestResult)[pri:0, instance:ExtentReport.ExtentReportsClass@71318ec4]" name="getResult" is-config="true" duration-ms="1" started-at="2021-03-17T10:33:56Z" finished-at="2021-03-17T10:33:56Z">
          <params>
            <param index="0">
              <value>
                <![CDATA[[TestResult name=GoDigitWithAWS status=SUCCESS method=ExtentReportsClass.GoDigitWithAWS(java.lang.String, java.lang.String)[pri:12, instance:ExtentReport.ExtentReportsClass@71318ec4] output={null}]]]>
              </value>
            </param>
          </params>
          <reporter-output>
          </reporter-output>
        </test-method> <!-- getResult -->
        <test-method status="PASS" signature="ASGWithAws(java.lang.String, java.lang.String)[pri:13, instance:ExtentReport.ExtentReportsClass@71318ec4]" name="ASGWithAws" duration-ms="87111" started-at="2021-03-17T10:33:56Z" data-provider="ASGData" finished-at="2021-03-17T10:35:23Z">
          <params>
            <param index="0">
              <value>
                <![CDATA[http://3.235.232.107:9090/nifi/]]>
              </value>
            </param>
            <param index="1">
              <value>
                <![CDATA[ASG]]>
              </value>
            </param>
          </params>
          <reporter-output>
          </reporter-output>
        </test-method> <!-- ASGWithAws -->
        <test-method status="PASS" signature="getResult(org.testng.ITestResult)[pri:0, instance:ExtentReport.ExtentReportsClass@71318ec4]" name="getResult" is-config="true" duration-ms="2" started-at="2021-03-17T10:35:23Z" finished-at="2021-03-17T10:35:23Z">
          <params>
            <param index="0">
              <value>
                <![CDATA[[TestResult name=ASGWithAws status=SUCCESS method=ExtentReportsClass.ASGWithAws(java.lang.String, java.lang.String)[pri:13, instance:ExtentReport.ExtentReportsClass@71318ec4] output={null}]]]>
              </value>
            </param>
          </params>
          <reporter-output>
          </reporter-output>
        </test-method> <!-- getResult -->
        <test-method status="PASS" signature="SpiGlobalWithAzureAndO365(java.lang.String, java.lang.String)[pri:14, instance:ExtentReport.ExtentReportsClass@71318ec4]" name="SpiGlobalWithAzureAndO365" duration-ms="53615" started-at="2021-03-17T10:35:23Z" data-provider="SPIGlobal" finished-at="2021-03-17T10:36:17Z">
          <params>
            <param index="0">
              <value>
                <![CDATA[http://palmdrsa-jfyn7m2xkd4py.southindia.cloudapp.azure.com:8080/nifi]]>
              </value>
            </param>
            <param index="1">
              <value>
                <![CDATA[SPI globalAzureAndOffice365]]>
              </value>
            </param>
          </params>
          <reporter-output>
          </reporter-output>
        </test-method> <!-- SpiGlobalWithAzureAndO365 -->
        <test-method status="PASS" signature="getResult(org.testng.ITestResult)[pri:0, instance:ExtentReport.ExtentReportsClass@71318ec4]" name="getResult" is-config="true" duration-ms="1" started-at="2021-03-17T10:36:17Z" finished-at="2021-03-17T10:36:17Z">
          <params>
            <param index="0">
              <value>
                <![CDATA[[TestResult name=SpiGlobalWithAzureAndO365 status=SUCCESS method=ExtentReportsClass.SpiGlobalWithAzureAndO365(java.lang.String, java.lang.String)[pri:14, instance:ExtentReport.ExtentReportsClass@71318ec4] output={null}]]]>
              </value>
            </param>
          </params>
          <reporter-output>
          </reporter-output>
        </test-method> <!-- getResult -->
        <test-method status="PASS" signature="TrainzWithAzure(java.lang.String, java.lang.String)[pri:15, instance:ExtentReport.ExtentReportsClass@71318ec4]" name="TrainzWithAzure" duration-ms="83749" started-at="2021-03-17T10:36:17Z" data-provider="Trainz" finished-at="2021-03-17T10:37:41Z">
          <params>
            <param index="0">
              <value>
                <![CDATA[http://palmdrsa-tbyudjcdnr7s4.southeastasia.cloudapp.azure.com:8080/nifi/]]>
              </value>
            </param>
            <param index="1">
              <value>
                <![CDATA[Trainz]]>
              </value>
            </param>
          </params>
          <reporter-output>
          </reporter-output>
        </test-method> <!-- TrainzWithAzure -->
        <test-method status="PASS" signature="getResult(org.testng.ITestResult)[pri:0, instance:ExtentReport.ExtentReportsClass@71318ec4]" name="getResult" is-config="true" duration-ms="1" started-at="2021-03-17T10:37:41Z" finished-at="2021-03-17T10:37:41Z">
          <params>
            <param index="0">
              <value>
                <![CDATA[[TestResult name=TrainzWithAzure status=SUCCESS method=ExtentReportsClass.TrainzWithAzure(java.lang.String, java.lang.String)[pri:15, instance:ExtentReport.ExtentReportsClass@71318ec4] output={null}]]]>
              </value>
            </param>
          </params>
          <reporter-output>
          </reporter-output>
        </test-method> <!-- getResult -->
        <test-method status="PASS" signature="SPIGlobalWithAWS(java.lang.String, java.lang.String)[pri:16, instance:ExtentReport.ExtentReportsClass@71318ec4]" name="SPIGlobalWithAWS" duration-ms="84121" started-at="2021-03-17T10:37:41Z" data-provider="SPIGlobalWithAWS" finished-at="2021-03-17T10:39:05Z">
          <params>
            <param index="0">
              <value>
                <![CDATA[http://52.66.214.173:9090/nifi/]]>
              </value>
            </param>
            <param index="1">
              <value>
                <![CDATA[SPI global1]]>
              </value>
            </param>
          </params>
          <reporter-output>
          </reporter-output>
        </test-method> <!-- SPIGlobalWithAWS -->
        <test-method status="PASS" signature="getResult(org.testng.ITestResult)[pri:0, instance:ExtentReport.ExtentReportsClass@71318ec4]" name="getResult" is-config="true" duration-ms="0" started-at="2021-03-17T10:39:05Z" finished-at="2021-03-17T10:39:05Z">
          <params>
            <param index="0">
              <value>
                <![CDATA[[TestResult name=SPIGlobalWithAWS status=SUCCESS method=ExtentReportsClass.SPIGlobalWithAWS(java.lang.String, java.lang.String)[pri:16, instance:ExtentReport.ExtentReportsClass@71318ec4] output={null}]]]>
              </value>
            </param>
          </params>
          <reporter-output>
          </reporter-output>
        </test-method> <!-- getResult -->
        <test-method status="PASS" signature="UnicoilWithAzure(java.lang.String, java.lang.String)[pri:17, instance:ExtentReport.ExtentReportsClass@71318ec4]" name="UnicoilWithAzure" duration-ms="86445" started-at="2021-03-17T10:39:05Z" data-provider="UNICOIL" finished-at="2021-03-17T10:40:31Z">
          <params>
            <param index="0">
              <value>
                <![CDATA[http://52.142.161.183:8080/nifi/]]>
              </value>
            </param>
            <param index="1">
              <value>
                <![CDATA[UNICOIL]]>
              </value>
            </param>
          </params>
          <reporter-output>
          </reporter-output>
        </test-method> <!-- UnicoilWithAzure -->
        <test-method status="PASS" signature="getResult(org.testng.ITestResult)[pri:0, instance:ExtentReport.ExtentReportsClass@71318ec4]" name="getResult" is-config="true" duration-ms="1" started-at="2021-03-17T10:40:31Z" finished-at="2021-03-17T10:40:31Z">
          <params>
            <param index="0">
              <value>
                <![CDATA[[TestResult name=UnicoilWithAzure status=SUCCESS method=ExtentReportsClass.UnicoilWithAzure(java.lang.String, java.lang.String)[pri:17, instance:ExtentReport.ExtentReportsClass@71318ec4] output={null}]]]>
              </value>
            </param>
          </params>
          <reporter-output>
          </reporter-output>
        </test-method> <!-- getResult -->
        <test-method status="PASS" signature="WipfliLLPWithAzureAndO365(java.lang.String, java.lang.String)[pri:17, instance:ExtentReport.ExtentReportsClass@71318ec4]" name="WipfliLLPWithAzureAndO365" duration-ms="85806" started-at="2021-03-17T10:40:31Z" data-provider="WipfliLLPData" finished-at="2021-03-17T10:41:57Z">
          <params>
            <param index="0">
              <value>
                <![CDATA[http://palmdrsa-nt7uozdylobzg.eastus.cloudapp.azure.com:8080/nifi]]>
              </value>
            </param>
            <param index="1">
              <value>
                <![CDATA[Wipfli LLP]]>
              </value>
            </param>
          </params>
          <reporter-output>
          </reporter-output>
        </test-method> <!-- WipfliLLPWithAzureAndO365 -->
        <test-method status="PASS" signature="getResult(org.testng.ITestResult)[pri:0, instance:ExtentReport.ExtentReportsClass@71318ec4]" name="getResult" is-config="true" duration-ms="1" started-at="2021-03-17T10:41:57Z" finished-at="2021-03-17T10:41:57Z">
          <params>
            <param index="0">
              <value>
                <![CDATA[[TestResult name=WipfliLLPWithAzureAndO365 status=SUCCESS method=ExtentReportsClass.WipfliLLPWithAzureAndO365(java.lang.String, java.lang.String)[pri:17, instance:ExtentReport.ExtentReportsClass@71318ec4] output={null}]]]>
              </value>
            </param>
          </params>
          <reporter-output>
          </reporter-output>
        </test-method> <!-- getResult -->
        <test-method status="PASS" signature="HPGwithAzureAndO365(java.lang.String, java.lang.String)[pri:18, instance:ExtentReport.ExtentReportsClass@71318ec4]" name="HPGwithAzureAndO365" duration-ms="86893" started-at="2021-03-17T10:41:57Z" data-provider="HPGData" finished-at="2021-03-17T10:43:24Z">
          <params>
            <param index="0">
              <value>
                <![CDATA[http://palmdrsa-sxsxigpx4yj4k.westus.cloudapp.azure.com:8080/nifi]]>
              </value>
            </param>
            <param index="1">
              <value>
                <![CDATA[HPG]]>
              </value>
            </param>
          </params>
          <reporter-output>
          </reporter-output>
        </test-method> <!-- HPGwithAzureAndO365 -->
        <test-method status="PASS" signature="getResult(org.testng.ITestResult)[pri:0, instance:ExtentReport.ExtentReportsClass@71318ec4]" name="getResult" is-config="true" duration-ms="1" started-at="2021-03-17T10:43:24Z" finished-at="2021-03-17T10:43:24Z">
          <params>
            <param index="0">
              <value>
                <![CDATA[[TestResult name=HPGwithAzureAndO365 status=SUCCESS method=ExtentReportsClass.HPGwithAzureAndO365(java.lang.String, java.lang.String)[pri:18, instance:ExtentReport.ExtentReportsClass@71318ec4] output={null}]]]>
              </value>
            </param>
          </params>
          <reporter-output>
          </reporter-output>
        </test-method> <!-- getResult -->
        <test-method status="PASS" signature="UtkarshBankWithAzure(java.lang.String, java.lang.String)[pri:18, instance:ExtentReport.ExtentReportsClass@71318ec4]" name="UtkarshBankWithAzure" duration-ms="51057" started-at="2021-03-17T10:43:24Z" data-provider="UtkarshBank" finished-at="2021-03-17T10:44:15Z">
          <params>
            <param index="0">
              <value>
                <![CDATA[http://palmdrsa-awwrzsjujryg4.centralindia.cloudapp.azure.com:8080/nifi/]]>
              </value>
            </param>
            <param index="1">
              <value>
                <![CDATA[Utkarsh Bank]]>
              </value>
            </param>
          </params>
          <reporter-output>
          </reporter-output>
        </test-method> <!-- UtkarshBankWithAzure -->
        <test-method status="PASS" signature="getResult(org.testng.ITestResult)[pri:0, instance:ExtentReport.ExtentReportsClass@71318ec4]" name="getResult" is-config="true" duration-ms="0" started-at="2021-03-17T10:44:15Z" finished-at="2021-03-17T10:44:15Z">
          <params>
            <param index="0">
              <value>
                <![CDATA[[TestResult name=UtkarshBankWithAzure status=SUCCESS method=ExtentReportsClass.UtkarshBankWithAzure(java.lang.String, java.lang.String)[pri:18, instance:ExtentReport.ExtentReportsClass@71318ec4] output={null}]]]>
              </value>
            </param>
          </params>
          <reporter-output>
          </reporter-output>
        </test-method> <!-- getResult -->
        <test-method status="PASS" signature="CommonsaaslecindwithO365(java.lang.String, java.lang.String)[pri:19, instance:ExtentReport.ExtentReportsClass@71318ec4]" name="CommonsaaslecindwithO365" duration-ms="86243" started-at="2021-03-17T10:44:16Z" data-provider="commonsaaslecind" finished-at="2021-03-17T10:45:42Z">
          <params>
            <param index="0">
              <value>
                <![CDATA[http://commonsaaslecind.southindia.cloudapp.azure.com:9090/nifi/]]>
              </value>
            </param>
            <param index="1">
              <value>
                <![CDATA[Trianz,ACGWorld,Utkarsh Bank,ThomasCook,IslamicDevelopmentBanK,Sand Martin]]>
              </value>
            </param>
          </params>
          <reporter-output>
          </reporter-output>
        </test-method> <!-- CommonsaaslecindwithO365 -->
        <test-method status="PASS" signature="getResult(org.testng.ITestResult)[pri:0, instance:ExtentReport.ExtentReportsClass@71318ec4]" name="getResult" is-config="true" duration-ms="1" started-at="2021-03-17T10:45:42Z" finished-at="2021-03-17T10:45:42Z">
          <params>
            <param index="0">
              <value>
                <![CDATA[[TestResult name=CommonsaaslecindwithO365 status=SUCCESS method=ExtentReportsClass.CommonsaaslecindwithO365(java.lang.String, java.lang.String)[pri:19, instance:ExtentReport.ExtentReportsClass@71318ec4] output={null}]]]>
              </value>
            </param>
          </params>
          <reporter-output>
          </reporter-output>
        </test-method> <!-- getResult -->
        <test-method status="PASS" signature="CommonsaaslecusawithO365(java.lang.String, java.lang.String)[pri:19, instance:ExtentReport.ExtentReportsClass@71318ec4]" name="CommonsaaslecusawithO365" duration-ms="87511" started-at="2021-03-17T10:45:42Z" data-provider="commonsaaslecusa" finished-at="2021-03-17T10:47:09Z">
          <params>
            <param index="0">
              <value>
                <![CDATA[http://commonsaaslecusa.westus.cloudapp.azure.com:9090/nifi/]]>
              </value>
            </param>
            <param index="1">
              <value>
                <![CDATA[TAC Sea Island,TAC Walden,Security Alliance,Digital River,PMCGroup,Wipfli LLP,NVR,Wipfli LLP,
Crown]]>
              </value>
            </param>
          </params>
          <reporter-output>
          </reporter-output>
        </test-method> <!-- CommonsaaslecusawithO365 -->
        <test-method status="PASS" signature="getResult(org.testng.ITestResult)[pri:0, instance:ExtentReport.ExtentReportsClass@71318ec4]" name="getResult" is-config="true" duration-ms="1" started-at="2021-03-17T10:47:09Z" finished-at="2021-03-17T10:47:09Z">
          <params>
            <param index="0">
              <value>
                <![CDATA[[TestResult name=CommonsaaslecusawithO365 status=SUCCESS method=ExtentReportsClass.CommonsaaslecusawithO365(java.lang.String, java.lang.String)[pri:19, instance:ExtentReport.ExtentReportsClass@71318ec4] output={null}]]]>
              </value>
            </param>
          </params>
          <reporter-output>
          </reporter-output>
        </test-method> <!-- getResult -->
        <test-method status="PASS" signature="Commonsaaslecpocusa(java.lang.String, java.lang.String)[pri:20, instance:ExtentReport.ExtentReportsClass@71318ec4]" name="Commonsaaslecpocusa" duration-ms="88081" started-at="2021-03-17T10:47:10Z" data-provider="commonsaaslecpocusa" finished-at="2021-03-17T10:48:38Z">
          <params>
            <param index="0">
              <value>
                <![CDATA[http://commonsaaslecpocusa.westus.cloudapp.azure.com:9090/nifi/]]>
              </value>
            </param>
            <param index="1">
              <value>
                <![CDATA[commonsaaslecpocusa]]>
              </value>
            </param>
          </params>
          <reporter-output>
          </reporter-output>
        </test-method> <!-- Commonsaaslecpocusa -->
        <test-method status="PASS" signature="getResult(org.testng.ITestResult)[pri:0, instance:ExtentReport.ExtentReportsClass@71318ec4]" name="getResult" is-config="true" duration-ms="0" started-at="2021-03-17T10:48:38Z" finished-at="2021-03-17T10:48:38Z">
          <params>
            <param index="0">
              <value>
                <![CDATA[[TestResult name=Commonsaaslecpocusa status=SUCCESS method=ExtentReportsClass.Commonsaaslecpocusa(java.lang.String, java.lang.String)[pri:20, instance:ExtentReport.ExtentReportsClass@71318ec4] output={null}]]]>
              </value>
            </param>
          </params>
          <reporter-output>
          </reporter-output>
        </test-method> <!-- getResult -->
        <test-method status="PASS" signature="ThomasCookWithAws(java.lang.String, java.lang.String)[pri:20, instance:ExtentReport.ExtentReportsClass@71318ec4]" name="ThomasCookWithAws" duration-ms="85452" started-at="2021-03-17T10:48:38Z" data-provider="ThomasCookData" finished-at="2021-03-17T10:50:03Z">
          <params>
            <param index="0">
              <value>
                <![CDATA[http://3.6.90.3:9090/nifi/]]>
              </value>
            </param>
            <param index="1">
              <value>
                <![CDATA[ThomasCook]]>
              </value>
            </param>
          </params>
          <reporter-output>
          </reporter-output>
        </test-method> <!-- ThomasCookWithAws -->
        <test-method status="PASS" signature="getResult(org.testng.ITestResult)[pri:0, instance:ExtentReport.ExtentReportsClass@71318ec4]" name="getResult" is-config="true" duration-ms="0" started-at="2021-03-17T10:50:03Z" finished-at="2021-03-17T10:50:03Z">
          <params>
            <param index="0">
              <value>
                <![CDATA[[TestResult name=ThomasCookWithAws status=SUCCESS method=ExtentReportsClass.ThomasCookWithAws(java.lang.String, java.lang.String)[pri:20, instance:ExtentReport.ExtentReportsClass@71318ec4] output={null}]]]>
              </value>
            </param>
          </params>
          <reporter-output>
          </reporter-output>
        </test-method> <!-- getResult -->
        <test-method status="SKIP" signature="GoDigitAzureAndO365(java.lang.String, java.lang.String)[pri:21, instance:ExtentReport.ExtentReportsClass@71318ec4]" name="GoDigitAzureAndO365" duration-ms="0" started-at="2021-03-17T10:50:03Z" data-provider="GoDigitAzureAndOffice365" finished-at="2021-03-17T10:50:03Z">
          <exception class="java.lang.RuntimeException">
            <message>
              <![CDATA[java.lang.NullPointerException]]>
            </message>
            <full-stacktrace>
              <![CDATA[java.lang.RuntimeException: java.lang.NullPointerException
	at org.testng.internal.MethodInvocationHelper.invokeMethodNoCheckedException(MethodInvocationHelper.java:45)
	at org.testng.internal.MethodInvocationHelper.invokeDataProvider(MethodInvocationHelper.java:110)
	at org.testng.internal.Parameters.handleParameters(Parameters.java:429)
	at org.testng.internal.Invoker.handleParameters(Invoker.java:1240)
	at org.testng.internal.Invoker.createParameters(Invoker.java:980)
	at org.testng.internal.Invoker.invokeTestMethods(Invoker.java:1070)
	at org.testng.internal.TestMethodWorker.invokeTestMethods(TestMethodWorker.java:129)
	at org.testng.internal.TestMethodWorker.run(TestMethodWorker.java:112)
	at org.testng.TestRunner.privateRun(TestRunner.java:746)
	at org.testng.TestRunner.run(TestRunner.java:600)
	at org.testng.SuiteRunner.runTest(SuiteRunner.java:366)
	at org.testng.SuiteRunner.runSequentially(SuiteRunner.java:361)
	at org.testng.SuiteRunner.privateRun(SuiteRunner.java:319)
	at org.testng.SuiteRunner.run(SuiteRunner.java:268)
	at org.testng.SuiteRunnerWorker.runSuite(SuiteRunnerWorker.java:52)
	at org.testng.SuiteRunnerWorker.run(SuiteRunnerWorker.java:86)
	at org.testng.TestNG.runSuitesSequentially(TestNG.java:1264)
	at org.testng.TestNG.runSuitesLocally(TestNG.java:1189)
	at org.testng.TestNG.runSuites(TestNG.java:1104)
	at org.testng.TestNG.run(TestNG.java:1076)
	at org.testng.remote.AbstractRemoteTestNG.run(AbstractRemoteTestNG.java:126)
	at org.testng.remote.RemoteTestNG.initAndRun(RemoteTestNG.java:152)
	at org.testng.remote.RemoteTestNG.main(RemoteTestNG.java:57)
Caused by: java.lang.NullPointerException
	at com.hcc.qa.util.ExcelDataReading.getTestData(ExcelDataReading.java:31)
	at ExtentReport.ExtentReportsClass.GoDigitAzureAndOffice365(ExtentReportsClass.java:364)
	at sun.reflect.NativeMethodAccessorImpl.invoke0(Native Method)
	at sun.reflect.NativeMethodAccessorImpl.invoke(NativeMethodAccessorImpl.java:62)
	at sun.reflect.DelegatingMethodAccessorImpl.invoke(DelegatingMethodAccessorImpl.java:43)
	at java.lang.reflect.Method.invoke(Method.java:498)
	at org.testng.internal.MethodInvocationHelper.invokeMethod(MethodInvocationHelper.java:100)
	at org.testng.internal.MethodInvocationHelper.invokeMethod(MethodInvocationHelper.java:51)
	at org.testng.internal.MethodInvocationHelper.invokeMethodNoCheckedException(MethodInvocationHelper.java:41)
	... 22 more
]]>
            </full-stacktrace>
          </exception> <!-- java.lang.RuntimeException -->
          <reporter-output>
          </reporter-output>
        </test-method> <!-- GoDigitAzureAndO365 -->
        <test-method status="PASS" signature="Integra2(java.lang.String, java.lang.String)[pri:21, instance:ExtentReport.ExtentReportsClass@71318ec4]" name="Integra2" duration-ms="85786" started-at="2021-03-17T10:50:03Z" data-provider="Integra2" finished-at="2021-03-17T10:51:29Z">
          <params>
            <param index="0">
              <value>
                <![CDATA[http://mdrazcentrallec.westus.cloudapp.azure.com:9090/nifi/]]>
              </value>
            </param>
            <param index="1">
              <value>
                <![CDATA[Integra2]]>
              </value>
            </param>
          </params>
          <reporter-output>
          </reporter-output>
        </test-method> <!-- Integra2 -->
        <test-method status="PASS" signature="getResult(org.testng.ITestResult)[pri:0, instance:ExtentReport.ExtentReportsClass@71318ec4]" name="getResult" is-config="true" duration-ms="1" started-at="2021-03-17T10:51:29Z" finished-at="2021-03-17T10:51:29Z">
          <params>
            <param index="0">
              <value>
                <![CDATA[[TestResult name=Integra2 status=SUCCESS method=ExtentReportsClass.Integra2(java.lang.String, java.lang.String)[pri:21, instance:ExtentReport.ExtentReportsClass@71318ec4] output={null}]]]>
              </value>
            </param>
          </params>
          <reporter-output>
          </reporter-output>
        </test-method> <!-- getResult -->
        <test-method status="PASS" signature="CommonsaaslecwipfliWithO365(java.lang.String, java.lang.String)[pri:22, instance:ExtentReport.ExtentReportsClass@71318ec4]" name="CommonsaaslecwipfliWithO365" duration-ms="55460" started-at="2021-03-17T10:51:29Z" data-provider="commonsaaslecwipfli" finished-at="2021-03-17T10:52:25Z">
          <params>
            <param index="0">
              <value>
                <![CDATA[http://commonsaaslecwipfli.eastus2.cloudapp.azure.com:9090/nifi/]]>
              </value>
            </param>
            <param index="1">
              <value>
                <![CDATA[FRIESFINANCIAL,BOERKECOMPANY,CTI_Papers,LHDMD,LSBLACK,TOMCINMETAL,STRESAULAB,National Mail,WIPFLIINDIA]]>
              </value>
            </param>
          </params>
          <reporter-output>
          </reporter-output>
        </test-method> <!-- CommonsaaslecwipfliWithO365 -->
        <test-method status="PASS" signature="getResult(org.testng.ITestResult)[pri:0, instance:ExtentReport.ExtentReportsClass@71318ec4]" name="getResult" is-config="true" duration-ms="1" started-at="2021-03-17T10:52:25Z" finished-at="2021-03-17T10:52:25Z">
          <params>
            <param index="0">
              <value>
                <![CDATA[[TestResult name=CommonsaaslecwipfliWithO365 status=SUCCESS method=ExtentReportsClass.CommonsaaslecwipfliWithO365(java.lang.String, java.lang.String)[pri:22, instance:ExtentReport.ExtentReportsClass@71318ec4] output={null}]]]>
              </value>
            </param>
          </params>
          <reporter-output>
          </reporter-output>
        </test-method> <!-- getResult -->
        <test-method status="PASS" signature="McguirewithAzureAndO365(java.lang.String, java.lang.String)[pri:23, instance:ExtentReport.ExtentReportsClass@71318ec4]" name="McguirewithAzureAndO365" duration-ms="55611" started-at="2021-03-17T10:52:25Z" data-provider="MCGUIREData" finished-at="2021-03-17T10:53:20Z">
          <params>
            <param index="0">
              <value>
                <![CDATA[http://palmdrsa-ithy3fa7c3hmo.eastus2.cloudapp.azure.com:8080/nifi/]]>
              </value>
            </param>
            <param index="1">
              <value>
                <![CDATA[MCGUIRE]]>
              </value>
            </param>
          </params>
          <reporter-output>
          </reporter-output>
        </test-method> <!-- McguirewithAzureAndO365 -->
        <test-method status="PASS" signature="getResult(org.testng.ITestResult)[pri:0, instance:ExtentReport.ExtentReportsClass@71318ec4]" name="getResult" is-config="true" duration-ms="0" started-at="2021-03-17T10:53:20Z" finished-at="2021-03-17T10:53:20Z">
          <params>
            <param index="0">
              <value>
                <![CDATA[[TestResult name=McguirewithAzureAndO365 status=SUCCESS method=ExtentReportsClass.McguirewithAzureAndO365(java.lang.String, java.lang.String)[pri:23, instance:ExtentReport.ExtentReportsClass@71318ec4] output={null}]]]>
              </value>
            </param>
          </params>
          <reporter-output>
          </reporter-output>
        </test-method> <!-- getResult -->
        <test-method status="PASS" signature="PepperIndiawithAzureO365(java.lang.String, java.lang.String)[pri:24, instance:ExtentReport.ExtentReportsClass@71318ec4]" name="PepperIndiawithAzureO365" duration-ms="48797" started-at="2021-03-17T10:53:20Z" data-provider="PepperIndia" finished-at="2021-03-17T10:54:09Z">
          <params>
            <param index="0">
              <value>
                <![CDATA[http://palmdrsa-sgabk3qkbgmc4.centralindia.cloudapp.azure.com:8080/nifi/]]>
              </value>
            </param>
            <param index="1">
              <value>
                <![CDATA[Pepper India]]>
              </value>
            </param>
          </params>
          <reporter-output>
          </reporter-output>
        </test-method> <!-- PepperIndiawithAzureO365 -->
        <test-method status="PASS" signature="getResult(org.testng.ITestResult)[pri:0, instance:ExtentReport.ExtentReportsClass@71318ec4]" name="getResult" is-config="true" duration-ms="0" started-at="2021-03-17T10:54:09Z" finished-at="2021-03-17T10:54:09Z">
          <params>
            <param index="0">
              <value>
                <![CDATA[[TestResult name=PepperIndiawithAzureO365 status=SUCCESS method=ExtentReportsClass.PepperIndiawithAzureO365(java.lang.String, java.lang.String)[pri:24, instance:ExtentReport.ExtentReportsClass@71318ec4] output={null}]]]>
              </value>
            </param>
          </params>
          <reporter-output>
          </reporter-output>
        </test-method> <!-- getResult -->
        <test-method status="PASS" signature="Simens1withAws(java.lang.String, java.lang.String)[pri:25, instance:ExtentReport.ExtentReportsClass@71318ec4]" name="Simens1withAws" duration-ms="87416" started-at="2021-03-17T10:54:09Z" data-provider="Simens1" finished-at="2021-03-17T10:55:37Z">
          <params>
            <param index="0">
              <value>
                <![CDATA[http://34.228.29.53:9090/nifi]]>
              </value>
            </param>
            <param index="1">
              <value>
                <![CDATA[Simens1]]>
              </value>
            </param>
          </params>
          <reporter-output>
          </reporter-output>
        </test-method> <!-- Simens1withAws -->
        <test-method status="PASS" signature="getResult(org.testng.ITestResult)[pri:0, instance:ExtentReport.ExtentReportsClass@71318ec4]" name="getResult" is-config="true" duration-ms="0" started-at="2021-03-17T10:55:37Z" finished-at="2021-03-17T10:55:37Z">
          <params>
            <param index="0">
              <value>
                <![CDATA[[TestResult name=Simens1withAws status=SUCCESS method=ExtentReportsClass.Simens1withAws(java.lang.String, java.lang.String)[pri:25, instance:ExtentReport.ExtentReportsClass@71318ec4] output={null}]]]>
              </value>
            </param>
          </params>
          <reporter-output>
          </reporter-output>
        </test-method> <!-- getResult -->
        <test-method status="PASS" signature="Simens2withAws(java.lang.String, java.lang.String)[pri:26, instance:ExtentReport.ExtentReportsClass@71318ec4]" name="Simens2withAws" duration-ms="84684" started-at="2021-03-17T10:55:37Z" data-provider="Simens2" finished-at="2021-03-17T10:57:01Z">
          <params>
            <param index="0">
              <value>
                <![CDATA[http://3.230.128.231:9090/nifi]]>
              </value>
            </param>
            <param index="1">
              <value>
                <![CDATA[Simens2]]>
              </value>
            </param>
          </params>
          <reporter-output>
          </reporter-output>
        </test-method> <!-- Simens2withAws -->
        <test-method status="PASS" signature="getResult(org.testng.ITestResult)[pri:0, instance:ExtentReport.ExtentReportsClass@71318ec4]" name="getResult" is-config="true" duration-ms="1" started-at="2021-03-17T10:57:01Z" finished-at="2021-03-17T10:57:01Z">
          <params>
            <param index="0">
              <value>
                <![CDATA[[TestResult name=Simens2withAws status=SUCCESS method=ExtentReportsClass.Simens2withAws(java.lang.String, java.lang.String)[pri:26, instance:ExtentReport.ExtentReportsClass@71318ec4] output={null}]]]>
              </value>
            </param>
          </params>
          <reporter-output>
          </reporter-output>
        </test-method> <!-- getResult -->
        <test-method status="PASS" signature="Simens3withAws(java.lang.String, java.lang.String)[pri:27, instance:ExtentReport.ExtentReportsClass@71318ec4]" name="Simens3withAws" duration-ms="86722" started-at="2021-03-17T10:57:01Z" data-provider="Simens3" finished-at="2021-03-17T10:58:28Z">
          <params>
            <param index="0">
              <value>
                <![CDATA[http://54.82.76.184:9090/nifi]]>
              </value>
            </param>
            <param index="1">
              <value>
                <![CDATA[Simens3]]>
              </value>
            </param>
          </params>
          <reporter-output>
          </reporter-output>
        </test-method> <!-- Simens3withAws -->
        <test-method status="PASS" signature="getResult(org.testng.ITestResult)[pri:0, instance:ExtentReport.ExtentReportsClass@71318ec4]" name="getResult" is-config="true" duration-ms="1" started-at="2021-03-17T10:58:28Z" finished-at="2021-03-17T10:58:28Z">
          <params>
            <param index="0">
              <value>
                <![CDATA[[TestResult name=Simens3withAws status=SUCCESS method=ExtentReportsClass.Simens3withAws(java.lang.String, java.lang.String)[pri:27, instance:ExtentReport.ExtentReportsClass@71318ec4] output={null}]]]>
              </value>
            </param>
          </params>
          <reporter-output>
          </reporter-output>
        </test-method> <!-- getResult -->
        <test-method status="PASS" signature="Simens4withAws(java.lang.String, java.lang.String)[pri:28, instance:ExtentReport.ExtentReportsClass@71318ec4]" name="Simens4withAws" duration-ms="49089" started-at="2021-03-17T10:58:28Z" data-provider="Simens4" finished-at="2021-03-17T10:59:17Z">
          <params>
            <param index="0">
              <value>
                <![CDATA[http://52.91.243.45:9090/nifi]]>
              </value>
            </param>
            <param index="1">
              <value>
                <![CDATA[Simens4]]>
              </value>
            </param>
          </params>
          <reporter-output>
          </reporter-output>
        </test-method> <!-- Simens4withAws -->
        <test-method status="PASS" signature="getResult(org.testng.ITestResult)[pri:0, instance:ExtentReport.ExtentReportsClass@71318ec4]" name="getResult" is-config="true" duration-ms="0" started-at="2021-03-17T10:59:17Z" finished-at="2021-03-17T10:59:17Z">
          <params>
            <param index="0">
              <value>
                <![CDATA[[TestResult name=Simens4withAws status=SUCCESS method=ExtentReportsClass.Simens4withAws(java.lang.String, java.lang.String)[pri:28, instance:ExtentReport.ExtentReportsClass@71318ec4] output={null}]]]>
              </value>
            </param>
          </params>
          <reporter-output>
          </reporter-output>
        </test-method> <!-- getResult -->
        <test-method status="PASS" signature="Simens5withAws(java.lang.String, java.lang.String)[pri:29, instance:ExtentReport.ExtentReportsClass@71318ec4]" name="Simens5withAws" duration-ms="84770" started-at="2021-03-17T10:59:17Z" data-provider="Simens5" finished-at="2021-03-17T11:00:42Z">
          <params>
            <param index="0">
              <value>
                <![CDATA[http://35.171.87.63:9090/nifi]]>
              </value>
            </param>
            <param index="1">
              <value>
                <![CDATA[Simens5]]>
              </value>
            </param>
          </params>
          <reporter-output>
          </reporter-output>
        </test-method> <!-- Simens5withAws -->
        <test-method status="PASS" signature="getResult(org.testng.ITestResult)[pri:0, instance:ExtentReport.ExtentReportsClass@71318ec4]" name="getResult" is-config="true" duration-ms="1" started-at="2021-03-17T11:00:42Z" finished-at="2021-03-17T11:00:42Z">
          <params>
            <param index="0">
              <value>
                <![CDATA[[TestResult name=Simens5withAws status=SUCCESS method=ExtentReportsClass.Simens5withAws(java.lang.String, java.lang.String)[pri:29, instance:ExtentReport.ExtentReportsClass@71318ec4] output={null}]]]>
              </value>
            </param>
          </params>
          <reporter-output>
          </reporter-output>
        </test-method> <!-- getResult -->
        <test-method status="PASS" signature="Simens6withAws(java.lang.String, java.lang.String)[pri:30, instance:ExtentReport.ExtentReportsClass@71318ec4]" name="Simens6withAws" duration-ms="86440" started-at="2021-03-17T11:00:42Z" data-provider="Simens6" finished-at="2021-03-17T11:02:09Z">
          <params>
            <param index="0">
              <value>
                <![CDATA[http://3.239.63.124:9090/nifi]]>
              </value>
            </param>
            <param index="1">
              <value>
                <![CDATA[Simens6]]>
              </value>
            </param>
          </params>
          <reporter-output>
          </reporter-output>
        </test-method> <!-- Simens6withAws -->
        <test-method status="PASS" signature="getResult(org.testng.ITestResult)[pri:0, instance:ExtentReport.ExtentReportsClass@71318ec4]" name="getResult" is-config="true" duration-ms="1" started-at="2021-03-17T11:02:09Z" finished-at="2021-03-17T11:02:09Z">
          <params>
            <param index="0">
              <value>
                <![CDATA[[TestResult name=Simens6withAws status=SUCCESS method=ExtentReportsClass.Simens6withAws(java.lang.String, java.lang.String)[pri:30, instance:ExtentReport.ExtentReportsClass@71318ec4] output={null}]]]>
              </value>
            </param>
          </params>
          <reporter-output>
          </reporter-output>
        </test-method> <!-- getResult -->
        <test-method status="PASS" signature="Simens7withAws(java.lang.String, java.lang.String)[pri:31, instance:ExtentReport.ExtentReportsClass@71318ec4]" name="Simens7withAws" duration-ms="85886" started-at="2021-03-17T11:02:09Z" data-provider="Simens7" finished-at="2021-03-17T11:03:35Z">
          <params>
            <param index="0">
              <value>
                <![CDATA[http://18.212.67.13:9090/nifi]]>
              </value>
            </param>
            <param index="1">
              <value>
                <![CDATA[Simens7]]>
              </value>
            </param>
          </params>
          <reporter-output>
          </reporter-output>
        </test-method> <!-- Simens7withAws -->
        <test-method status="PASS" signature="getResult(org.testng.ITestResult)[pri:0, instance:ExtentReport.ExtentReportsClass@71318ec4]" name="getResult" is-config="true" duration-ms="0" started-at="2021-03-17T11:03:35Z" finished-at="2021-03-17T11:03:35Z">
          <params>
            <param index="0">
              <value>
                <![CDATA[[TestResult name=Simens7withAws status=SUCCESS method=ExtentReportsClass.Simens7withAws(java.lang.String, java.lang.String)[pri:31, instance:ExtentReport.ExtentReportsClass@71318ec4] output={null}]]]>
              </value>
            </param>
          </params>
          <reporter-output>
          </reporter-output>
        </test-method> <!-- getResult -->
        <test-method status="PASS" signature="Integra(java.lang.String, java.lang.String)[pri:32, instance:ExtentReport.ExtentReportsClass@71318ec4]" name="Integra" duration-ms="84005" started-at="2021-03-17T11:03:35Z" data-provider="Integra" finished-at="2021-03-17T11:04:59Z">
          <params>
            <param index="0">
              <value>
                <![CDATA[http://intmdrazcentrallec.westus.cloudapp.azure.com:9090/nifi]]>
              </value>
            </param>
            <param index="1">
              <value>
                <![CDATA[Integra]]>
              </value>
            </param>
          </params>
          <reporter-output>
          </reporter-output>
        </test-method> <!-- Integra -->
        <test-method status="PASS" signature="getResult(org.testng.ITestResult)[pri:0, instance:ExtentReport.ExtentReportsClass@71318ec4]" name="getResult" is-config="true" duration-ms="1" started-at="2021-03-17T11:04:59Z" finished-at="2021-03-17T11:04:59Z">
          <params>
            <param index="0">
              <value>
                <![CDATA[[TestResult name=Integra status=SUCCESS method=ExtentReportsClass.Integra(java.lang.String, java.lang.String)[pri:32, instance:ExtentReport.ExtentReportsClass@71318ec4] output={null}]]]>
              </value>
            </param>
          </params>
          <reporter-output>
          </reporter-output>
        </test-method> <!-- getResult -->
        <test-method status="PASS" signature="MCGUIREwithAws(java.lang.String, java.lang.String)[pri:32, instance:ExtentReport.ExtentReportsClass@71318ec4]" name="MCGUIREwithAws" duration-ms="58926" started-at="2021-03-17T11:04:59Z" data-provider="MCGUIREAWS" finished-at="2021-03-17T11:05:58Z">
          <params>
            <param index="0">
              <value>
                <![CDATA[http://3.137.211.177:9090/nifi
]]>
              </value>
            </param>
            <param index="1">
              <value>
                <![CDATA[MCGUIREAWS]]>
              </value>
            </param>
          </params>
          <reporter-output>
          </reporter-output>
        </test-method> <!-- MCGUIREwithAws -->
        <test-method status="PASS" signature="getResult(org.testng.ITestResult)[pri:0, instance:ExtentReport.ExtentReportsClass@71318ec4]" name="getResult" is-config="true" duration-ms="1" started-at="2021-03-17T11:05:58Z" finished-at="2021-03-17T11:05:58Z">
          <params>
            <param index="0">
              <value>
                <![CDATA[[TestResult name=MCGUIREwithAws status=SUCCESS method=ExtentReportsClass.MCGUIREwithAws(java.lang.String, java.lang.String)[pri:32, instance:ExtentReport.ExtentReportsClass@71318ec4] output={null}]]]>
              </value>
            </param>
          </params>
          <reporter-output>
          </reporter-output>
        </test-method> <!-- getResult -->
        <test-method status="PASS" signature="Simens8withAws(java.lang.String, java.lang.String)[pri:32, instance:ExtentReport.ExtentReportsClass@71318ec4]" name="Simens8withAws" duration-ms="85433" started-at="2021-03-17T11:05:58Z" data-provider="Simens8" finished-at="2021-03-17T11:07:23Z">
          <params>
            <param index="0">
              <value>
                <![CDATA[http://52.201.196.118:9090/nifi]]>
              </value>
            </param>
            <param index="1">
              <value>
                <![CDATA[Simens8]]>
              </value>
            </param>
          </params>
          <reporter-output>
          </reporter-output>
        </test-method> <!-- Simens8withAws -->
        <test-method status="PASS" signature="getResult(org.testng.ITestResult)[pri:0, instance:ExtentReport.ExtentReportsClass@71318ec4]" name="getResult" is-config="true" duration-ms="0" started-at="2021-03-17T11:07:23Z" finished-at="2021-03-17T11:07:23Z">
          <params>
            <param index="0">
              <value>
                <![CDATA[[TestResult name=Simens8withAws status=SUCCESS method=ExtentReportsClass.Simens8withAws(java.lang.String, java.lang.String)[pri:32, instance:ExtentReport.ExtentReportsClass@71318ec4] output={null}]]]>
              </value>
            </param>
          </params>
          <reporter-output>
          </reporter-output>
        </test-method> <!-- getResult -->
        <test-method status="PASS" signature="Simens9WithAws(java.lang.String, java.lang.String)[pri:32, instance:ExtentReport.ExtentReportsClass@71318ec4]" name="Simens9WithAws" duration-ms="85868" started-at="2021-03-17T11:07:23Z" data-provider="Simens9" finished-at="2021-03-17T11:08:49Z">
          <params>
            <param index="0">
              <value>
                <![CDATA[http://3.94.146.98:9090/nifi]]>
              </value>
            </param>
            <param index="1">
              <value>
                <![CDATA[Simens9]]>
              </value>
            </param>
          </params>
          <reporter-output>
          </reporter-output>
        </test-method> <!-- Simens9WithAws -->
        <test-method status="PASS" signature="getResult(org.testng.ITestResult)[pri:0, instance:ExtentReport.ExtentReportsClass@71318ec4]" name="getResult" is-config="true" duration-ms="1" started-at="2021-03-17T11:08:49Z" finished-at="2021-03-17T11:08:49Z">
          <params>
            <param index="0">
              <value>
                <![CDATA[[TestResult name=Simens9WithAws status=SUCCESS method=ExtentReportsClass.Simens9WithAws(java.lang.String, java.lang.String)[pri:32, instance:ExtentReport.ExtentReportsClass@71318ec4] output={null}]]]>
              </value>
            </param>
          </params>
          <reporter-output>
          </reporter-output>
        </test-method> <!-- getResult -->
        <test-method status="PASS" signature="endReport()[pri:0, instance:ExtentReport.ExtentReportsClass@71318ec4]" name="endReport" is-config="true" duration-ms="543" started-at="2021-03-17T11:08:49Z" finished-at="2021-03-17T11:08:50Z">
          <reporter-output>
          </reporter-output>
        </test-method> <!-- endReport -->
      </class> <!-- ExtentReport.ExtentReportsClass -->
    </test> <!-- Default test -->
  </suite> <!-- Default suite -->
</testng-results>
