<?xml version="1.0" encoding="UTF-8"?>
<testng-results skipped="0" failed="0" total="1" passed="1">
  <reporter-output>
  </reporter-output>
  <suite name="Default suite" duration-ms="56641" started-at="2021-01-29T15:11:59Z" finished-at="2021-01-29T15:12:56Z">
    <groups>
    </groups>
    <test name="Default test" duration-ms="56641" started-at="2021-01-29T15:11:59Z" finished-at="2021-01-29T15:12:56Z">
      <class name="ExtentReport.ExtentReportsClass">
        <test-method status="PASS" signature="startReport()[pri:0, instance:ExtentReport.ExtentReportsClass@10bdf5e5]" name="startReport" is-config="true" duration-ms="100" started-at="2021-01-29T20:41:59Z" finished-at="2021-01-29T20:41:59Z">
          <reporter-output>
          </reporter-output>
        </test-method> <!-- startReport -->
        <test-method status="PASS" signature="GodigitAzureO365(java.lang.String, java.lang.String)[pri:22, instance:ExtentReport.ExtentReportsClass@10bdf5e5]" name="GodigitAzureO365" duration-ms="55181" started-at="2021-01-29T20:42:00Z" data-provider="GodigitAzureO365" finished-at="2021-01-29T20:42:55Z">
          <params>
            <param index="0">
              <value>
                <![CDATA[https://palmdrsa-d4ghgmiwxuiai.centralindia.cloudapp.azure.com:8080/nifi/]]>
              </value>
            </param>
            <param index="1">
              <value>
                <![CDATA[GodigitAzureAndO365]]>
              </value>
            </param>
          </params>
          <reporter-output>
          </reporter-output>
        </test-method> <!-- GodigitAzureO365 -->
        <test-method status="PASS" signature="getResult(org.testng.ITestResult)[pri:0, instance:ExtentReport.ExtentReportsClass@10bdf5e5]" name="getResult" is-config="true" duration-ms="4" started-at="2021-01-29T20:42:55Z" finished-at="2021-01-29T20:42:55Z">
          <params>
            <param index="0">
              <value>
                <![CDATA[[TestResult name=GodigitAzureO365 status=SUCCESS method=ExtentReportsClass.GodigitAzureO365(java.lang.String, java.lang.String)[pri:22, instance:ExtentReport.ExtentReportsClass@10bdf5e5] output={null}]]]>
              </value>
            </param>
          </params>
          <reporter-output>
          </reporter-output>
        </test-method> <!-- getResult -->
        <test-method status="PASS" signature="endReport()[pri:0, instance:ExtentReport.ExtentReportsClass@10bdf5e5]" name="endReport" is-config="true" duration-ms="887" started-at="2021-01-29T20:42:55Z" finished-at="2021-01-29T20:42:56Z">
          <reporter-output>
          </reporter-output>
        </test-method> <!-- endReport -->
      </class> <!-- ExtentReport.ExtentReportsClass -->
    </test> <!-- Default test -->
  </suite> <!-- Default suite -->
</testng-results>
