<?xml version="1.0" encoding="UTF-8"?>
<testng-results skipped="1" failed="0" ignored="0" total="35" passed="34">
  <reporter-output>
  </reporter-output>
  <suite name="Default suite" duration-ms="2977056" started-at="2021-01-16T03:20:13Z" finished-at="2021-01-16T04:09:50Z">
    <groups>
    </groups>
    <test name="Default test" duration-ms="2977056" started-at="2021-01-16T03:20:13Z" finished-at="2021-01-16T04:09:50Z">
      <class name="ExtentReport.ExtentReportsClass">
        <test-method status="PASS" signature="startReport()[pri:0, instance:ExtentReport.ExtentReportsClass@29ca901e]" name="startReport" is-config="true" duration-ms="283" started-at="2021-01-16T08:50:13Z" finished-at="2021-01-16T08:50:14Z">
          <reporter-output>
          </reporter-output>
        </test-method> <!-- startReport -->
        <test-method status="PASS" signature="PaladionNetworksWithAzureAndOffice365(java.lang.String, java.lang.String)[pri:1, instance:ExtentReport.ExtentReportsClass@29ca901e]" name="PaladionNetworksWithAzureAndOffice365" duration-ms="70889" started-at="2021-01-16T08:50:16Z" data-provider="paladionNetworksWithO365Data" finished-at="2021-01-16T08:51:27Z">
          <params>
            <param index="0">
              <value>
                <![CDATA[http://palmdrsa-rvkpxf73t5m64.eastus.cloudapp.azure.com:8080/nifi]]>
              </value>
            </param>
            <param index="1">
              <value>
                <![CDATA[PaladionNetworksWithAzure AndOffice 365]]>
              </value>
            </param>
          </params>
          <reporter-output>
          </reporter-output>
        </test-method> <!-- PaladionNetworksWithAzureAndOffice365 -->
        <test-method status="PASS" signature="getResult(org.testng.ITestResult)[pri:0, instance:ExtentReport.ExtentReportsClass@29ca901e]" name="getResult" is-config="true" duration-ms="8" started-at="2021-01-16T08:51:27Z" finished-at="2021-01-16T08:51:27Z">
          <params>
            <param index="0">
              <value>
                <![CDATA[[TestResult name=PaladionNetworksWithAzureAndOffice365 status=SUCCESS method=ExtentReportsClass.PaladionNetworksWithAzureAndOffice365(java.lang.String, java.lang.String)[pri:1, instance:ExtentReport.ExtentReportsClass@29ca901e] output={null}]]]>
              </value>
            </param>
          </params>
          <reporter-output>
          </reporter-output>
        </test-method> <!-- getResult -->
        <test-method status="PASS" signature="PaladionNetworksWithAzure(java.lang.String, java.lang.String)[pri:2, instance:ExtentReport.ExtentReportsClass@29ca901e]" name="PaladionNetworksWithAzure" duration-ms="69084" started-at="2021-01-16T08:51:28Z" data-provider="paladionNetworksAzure" finished-at="2021-01-16T08:52:37Z">
          <params>
            <param index="0">
              <value>
                <![CDATA[http://palmdrsa-3263t7bgjnuku.eastus.cloudapp.azure.com:8080/nifi]]>
              </value>
            </param>
            <param index="1">
              <value>
                <![CDATA[Paladion Networks With Azure]]>
              </value>
            </param>
          </params>
          <reporter-output>
          </reporter-output>
        </test-method> <!-- PaladionNetworksWithAzure -->
        <test-method status="PASS" signature="getResult(org.testng.ITestResult)[pri:0, instance:ExtentReport.ExtentReportsClass@29ca901e]" name="getResult" is-config="true" duration-ms="1" started-at="2021-01-16T08:52:37Z" finished-at="2021-01-16T08:52:37Z">
          <params>
            <param index="0">
              <value>
                <![CDATA[[TestResult name=PaladionNetworksWithAzure status=SUCCESS method=ExtentReportsClass.PaladionNetworksWithAzure(java.lang.String, java.lang.String)[pri:2, instance:ExtentReport.ExtentReportsClass@29ca901e] output={null}]]]>
              </value>
            </param>
          </params>
          <reporter-output>
          </reporter-output>
        </test-method> <!-- getResult -->
        <test-method status="PASS" signature="PaladionNetworksWithAws(java.lang.String, java.lang.String)[pri:3, instance:ExtentReport.ExtentReportsClass@29ca901e]" name="PaladionNetworksWithAws" duration-ms="92698" started-at="2021-01-16T08:52:37Z" data-provider="paladionNetworkswithAws" finished-at="2021-01-16T08:54:10Z">
          <params>
            <param index="0">
              <value>
                <![CDATA[http://3.238.190.210:9090/nifi/]]>
              </value>
            </param>
            <param index="1">
              <value>
                <![CDATA[Paladion Networks with AWS]]>
              </value>
            </param>
          </params>
          <reporter-output>
          </reporter-output>
        </test-method> <!-- PaladionNetworksWithAws -->
        <test-method status="PASS" signature="getResult(org.testng.ITestResult)[pri:0, instance:ExtentReport.ExtentReportsClass@29ca901e]" name="getResult" is-config="true" duration-ms="1" started-at="2021-01-16T08:54:10Z" finished-at="2021-01-16T08:54:10Z">
          <params>
            <param index="0">
              <value>
                <![CDATA[[TestResult name=PaladionNetworksWithAws status=SUCCESS method=ExtentReportsClass.PaladionNetworksWithAws(java.lang.String, java.lang.String)[pri:3, instance:ExtentReport.ExtentReportsClass@29ca901e] output={null}]]]>
              </value>
            </param>
          </params>
          <reporter-output>
          </reporter-output>
        </test-method> <!-- getResult -->
        <test-method status="PASS" signature="AlMuhaidib(java.lang.String, java.lang.String)[pri:4, instance:ExtentReport.ExtentReportsClass@29ca901e]" name="AlMuhaidib" duration-ms="93187" started-at="2021-01-16T08:54:10Z" data-provider="AlMuhaidib" finished-at="2021-01-16T08:55:43Z">
          <params>
            <param index="0">
              <value>
                <![CDATA[http://palmdrsa-vlpnybdm62kk2.westeurope.cloudapp.azure.com:8080/nifi]]>
              </value>
            </param>
            <param index="1">
              <value>
                <![CDATA[Al Muhaidib]]>
              </value>
            </param>
          </params>
          <reporter-output>
          </reporter-output>
        </test-method> <!-- AlMuhaidib -->
        <test-method status="PASS" signature="getResult(org.testng.ITestResult)[pri:0, instance:ExtentReport.ExtentReportsClass@29ca901e]" name="getResult" is-config="true" duration-ms="0" started-at="2021-01-16T08:55:43Z" finished-at="2021-01-16T08:55:43Z">
          <params>
            <param index="0">
              <value>
                <![CDATA[[TestResult name=AlMuhaidib status=SUCCESS method=ExtentReportsClass.AlMuhaidib(java.lang.String, java.lang.String)[pri:4, instance:ExtentReport.ExtentReportsClass@29ca901e] output={null}]]]>
              </value>
            </param>
          </params>
          <reporter-output>
          </reporter-output>
        </test-method> <!-- getResult -->
        <test-method status="PASS" signature="GoDigitWithAWS(java.lang.String, java.lang.String)[pri:5, instance:ExtentReport.ExtentReportsClass@29ca901e]" name="GoDigitWithAWS" duration-ms="61354" started-at="2021-01-16T08:55:44Z" data-provider="goDigitData" finished-at="2021-01-16T08:56:45Z">
          <params>
            <param index="0">
              <value>
                <![CDATA[http://13.127.231.73:9090/nifi/]]>
              </value>
            </param>
            <param index="1">
              <value>
                <![CDATA[GoDigitAws]]>
              </value>
            </param>
          </params>
          <reporter-output>
          </reporter-output>
        </test-method> <!-- GoDigitWithAWS -->
        <test-method status="PASS" signature="getResult(org.testng.ITestResult)[pri:0, instance:ExtentReport.ExtentReportsClass@29ca901e]" name="getResult" is-config="true" duration-ms="1" started-at="2021-01-16T08:56:45Z" finished-at="2021-01-16T08:56:45Z">
          <params>
            <param index="0">
              <value>
                <![CDATA[[TestResult name=GoDigitWithAWS status=SUCCESS method=ExtentReportsClass.GoDigitWithAWS(java.lang.String, java.lang.String)[pri:5, instance:ExtentReport.ExtentReportsClass@29ca901e] output={null}]]]>
              </value>
            </param>
          </params>
          <reporter-output>
          </reporter-output>
        </test-method> <!-- getResult -->
        <test-method status="PASS" signature="ASGWithAws(java.lang.String, java.lang.String)[pri:6, instance:ExtentReport.ExtentReportsClass@29ca901e]" name="ASGWithAws" duration-ms="90166" started-at="2021-01-16T08:56:45Z" data-provider="ASGData" finished-at="2021-01-16T08:58:15Z">
          <params>
            <param index="0">
              <value>
                <![CDATA[http://3.235.232.107:9090/nifi/]]>
              </value>
            </param>
            <param index="1">
              <value>
                <![CDATA[ASG]]>
              </value>
            </param>
          </params>
          <reporter-output>
          </reporter-output>
        </test-method> <!-- ASGWithAws -->
        <test-method status="PASS" signature="getResult(org.testng.ITestResult)[pri:0, instance:ExtentReport.ExtentReportsClass@29ca901e]" name="getResult" is-config="true" duration-ms="0" started-at="2021-01-16T08:58:15Z" finished-at="2021-01-16T08:58:15Z">
          <params>
            <param index="0">
              <value>
                <![CDATA[[TestResult name=ASGWithAws status=SUCCESS method=ExtentReportsClass.ASGWithAws(java.lang.String, java.lang.String)[pri:6, instance:ExtentReport.ExtentReportsClass@29ca901e] output={null}]]]>
              </value>
            </param>
          </params>
          <reporter-output>
          </reporter-output>
        </test-method> <!-- getResult -->
        <test-method status="PASS" signature="SpiGlobalWithAzureAndO365(java.lang.String, java.lang.String)[pri:7, instance:ExtentReport.ExtentReportsClass@29ca901e]" name="SpiGlobalWithAzureAndO365" duration-ms="92100" started-at="2021-01-16T08:58:16Z" data-provider="SPIGlobal" finished-at="2021-01-16T08:59:48Z">
          <params>
            <param index="0">
              <value>
                <![CDATA[http://palmdrsa-jfyn7m2xkd4py.southindia.cloudapp.azure.com:8080/nifi]]>
              </value>
            </param>
            <param index="1">
              <value>
                <![CDATA[SPI globalAzureAndOffice365]]>
              </value>
            </param>
          </params>
          <reporter-output>
          </reporter-output>
        </test-method> <!-- SpiGlobalWithAzureAndO365 -->
        <test-method status="PASS" signature="getResult(org.testng.ITestResult)[pri:0, instance:ExtentReport.ExtentReportsClass@29ca901e]" name="getResult" is-config="true" duration-ms="1" started-at="2021-01-16T08:59:48Z" finished-at="2021-01-16T08:59:48Z">
          <params>
            <param index="0">
              <value>
                <![CDATA[[TestResult name=SpiGlobalWithAzureAndO365 status=SUCCESS method=ExtentReportsClass.SpiGlobalWithAzureAndO365(java.lang.String, java.lang.String)[pri:7, instance:ExtentReport.ExtentReportsClass@29ca901e] output={null}]]]>
              </value>
            </param>
          </params>
          <reporter-output>
          </reporter-output>
        </test-method> <!-- getResult -->
        <test-method status="PASS" signature="TrainzWithAzure(java.lang.String, java.lang.String)[pri:8, instance:ExtentReport.ExtentReportsClass@29ca901e]" name="TrainzWithAzure" duration-ms="91928" started-at="2021-01-16T08:59:48Z" data-provider="Trainz" finished-at="2021-01-16T09:01:20Z">
          <params>
            <param index="0">
              <value>
                <![CDATA[http://palmdrsa-tbyudjcdnr7s4.southeastasia.cloudapp.azure.com:8080/nifi/]]>
              </value>
            </param>
            <param index="1">
              <value>
                <![CDATA[Trainz]]>
              </value>
            </param>
          </params>
          <reporter-output>
          </reporter-output>
        </test-method> <!-- TrainzWithAzure -->
        <test-method status="PASS" signature="getResult(org.testng.ITestResult)[pri:0, instance:ExtentReport.ExtentReportsClass@29ca901e]" name="getResult" is-config="true" duration-ms="0" started-at="2021-01-16T09:01:20Z" finished-at="2021-01-16T09:01:20Z">
          <params>
            <param index="0">
              <value>
                <![CDATA[[TestResult name=TrainzWithAzure status=SUCCESS method=ExtentReportsClass.TrainzWithAzure(java.lang.String, java.lang.String)[pri:8, instance:ExtentReport.ExtentReportsClass@29ca901e] output={null}]]]>
              </value>
            </param>
          </params>
          <reporter-output>
          </reporter-output>
        </test-method> <!-- getResult -->
        <test-method status="PASS" signature="SPIGlobalWithAWS(java.lang.String, java.lang.String)[pri:9, instance:ExtentReport.ExtentReportsClass@29ca901e]" name="SPIGlobalWithAWS" duration-ms="85730" started-at="2021-01-16T09:01:20Z" data-provider="SPIGlobalWithAWS" finished-at="2021-01-16T09:02:46Z">
          <params>
            <param index="0">
              <value>
                <![CDATA[http://52.66.214.173:9090/nifi/]]>
              </value>
            </param>
            <param index="1">
              <value>
                <![CDATA[SPI global1]]>
              </value>
            </param>
          </params>
          <reporter-output>
          </reporter-output>
        </test-method> <!-- SPIGlobalWithAWS -->
        <test-method status="PASS" signature="getResult(org.testng.ITestResult)[pri:0, instance:ExtentReport.ExtentReportsClass@29ca901e]" name="getResult" is-config="true" duration-ms="1" started-at="2021-01-16T09:02:46Z" finished-at="2021-01-16T09:02:46Z">
          <params>
            <param index="0">
              <value>
                <![CDATA[[TestResult name=SPIGlobalWithAWS status=SUCCESS method=ExtentReportsClass.SPIGlobalWithAWS(java.lang.String, java.lang.String)[pri:9, instance:ExtentReport.ExtentReportsClass@29ca901e] output={null}]]]>
              </value>
            </param>
          </params>
          <reporter-output>
          </reporter-output>
        </test-method> <!-- getResult -->
        <test-method status="PASS" signature="UnicoilWithAzure(java.lang.String, java.lang.String)[pri:10, instance:ExtentReport.ExtentReportsClass@29ca901e]" name="UnicoilWithAzure" duration-ms="93915" started-at="2021-01-16T09:02:46Z" data-provider="UNICOIL" finished-at="2021-01-16T09:04:20Z">
          <params>
            <param index="0">
              <value>
                <![CDATA[http://52.142.161.183:8080/nifi/]]>
              </value>
            </param>
            <param index="1">
              <value>
                <![CDATA[UNICOIL]]>
              </value>
            </param>
          </params>
          <reporter-output>
          </reporter-output>
        </test-method> <!-- UnicoilWithAzure -->
        <test-method status="PASS" signature="getResult(org.testng.ITestResult)[pri:0, instance:ExtentReport.ExtentReportsClass@29ca901e]" name="getResult" is-config="true" duration-ms="1" started-at="2021-01-16T09:04:20Z" finished-at="2021-01-16T09:04:20Z">
          <params>
            <param index="0">
              <value>
                <![CDATA[[TestResult name=UnicoilWithAzure status=SUCCESS method=ExtentReportsClass.UnicoilWithAzure(java.lang.String, java.lang.String)[pri:10, instance:ExtentReport.ExtentReportsClass@29ca901e] output={null}]]]>
              </value>
            </param>
          </params>
          <reporter-output>
          </reporter-output>
        </test-method> <!-- getResult -->
        <test-method status="PASS" signature="UtkarshBankWithAzure(java.lang.String, java.lang.String)[pri:11, instance:ExtentReport.ExtentReportsClass@29ca901e]" name="UtkarshBankWithAzure" duration-ms="60981" started-at="2021-01-16T09:04:20Z" data-provider="UtkarshBank" finished-at="2021-01-16T09:05:21Z">
          <params>
            <param index="0">
              <value>
                <![CDATA[http://palmdrsa-awwrzsjujryg4.centralindia.cloudapp.azure.com:8080/nifi/]]>
              </value>
            </param>
            <param index="1">
              <value>
                <![CDATA[Utkarsh Bank]]>
              </value>
            </param>
          </params>
          <reporter-output>
          </reporter-output>
        </test-method> <!-- UtkarshBankWithAzure -->
        <test-method status="PASS" signature="getResult(org.testng.ITestResult)[pri:0, instance:ExtentReport.ExtentReportsClass@29ca901e]" name="getResult" is-config="true" duration-ms="0" started-at="2021-01-16T09:05:21Z" finished-at="2021-01-16T09:05:21Z">
          <params>
            <param index="0">
              <value>
                <![CDATA[[TestResult name=UtkarshBankWithAzure status=SUCCESS method=ExtentReportsClass.UtkarshBankWithAzure(java.lang.String, java.lang.String)[pri:11, instance:ExtentReport.ExtentReportsClass@29ca901e] output={null}]]]>
              </value>
            </param>
          </params>
          <reporter-output>
          </reporter-output>
        </test-method> <!-- getResult -->
        <test-method status="PASS" signature="CommonsaaslecindwithO365(java.lang.String, java.lang.String)[pri:12, instance:ExtentReport.ExtentReportsClass@29ca901e]" name="CommonsaaslecindwithO365" duration-ms="93899" started-at="2021-01-16T09:05:21Z" data-provider="commonsaaslecind" finished-at="2021-01-16T09:06:55Z">
          <params>
            <param index="0">
              <value>
                <![CDATA[http://commonsaaslecind.southindia.cloudapp.azure.com:9090/nifi/]]>
              </value>
            </param>
            <param index="1">
              <value>
                <![CDATA[Trianz,ACGWorld,Utkarsh Bank,ThomasCook]]>
              </value>
            </param>
          </params>
          <reporter-output>
          </reporter-output>
        </test-method> <!-- CommonsaaslecindwithO365 -->
        <test-method status="PASS" signature="getResult(org.testng.ITestResult)[pri:0, instance:ExtentReport.ExtentReportsClass@29ca901e]" name="getResult" is-config="true" duration-ms="0" started-at="2021-01-16T09:06:55Z" finished-at="2021-01-16T09:06:55Z">
          <params>
            <param index="0">
              <value>
                <![CDATA[[TestResult name=CommonsaaslecindwithO365 status=SUCCESS method=ExtentReportsClass.CommonsaaslecindwithO365(java.lang.String, java.lang.String)[pri:12, instance:ExtentReport.ExtentReportsClass@29ca901e] output={null}]]]>
              </value>
            </param>
          </params>
          <reporter-output>
          </reporter-output>
        </test-method> <!-- getResult -->
        <test-method status="PASS" signature="ThomasCookWithAws(java.lang.String, java.lang.String)[pri:13, instance:ExtentReport.ExtentReportsClass@29ca901e]" name="ThomasCookWithAws" duration-ms="88259" started-at="2021-01-16T09:06:56Z" data-provider="ThomasCookData" finished-at="2021-01-16T09:08:24Z">
          <params>
            <param index="0">
              <value>
                <![CDATA[http://3.6.90.3:9090/nifi/]]>
              </value>
            </param>
            <param index="1">
              <value>
                <![CDATA[ThomasCook]]>
              </value>
            </param>
          </params>
          <reporter-output>
          </reporter-output>
        </test-method> <!-- ThomasCookWithAws -->
        <test-method status="PASS" signature="getResult(org.testng.ITestResult)[pri:0, instance:ExtentReport.ExtentReportsClass@29ca901e]" name="getResult" is-config="true" duration-ms="1" started-at="2021-01-16T09:08:24Z" finished-at="2021-01-16T09:08:24Z">
          <params>
            <param index="0">
              <value>
                <![CDATA[[TestResult name=ThomasCookWithAws status=SUCCESS method=ExtentReportsClass.ThomasCookWithAws(java.lang.String, java.lang.String)[pri:13, instance:ExtentReport.ExtentReportsClass@29ca901e] output={null}]]]>
              </value>
            </param>
          </params>
          <reporter-output>
          </reporter-output>
        </test-method> <!-- getResult -->
        <test-method status="SKIP" signature="GoDigitAzureAndO365(java.lang.String, java.lang.String)[pri:14, instance:ExtentReport.ExtentReportsClass@29ca901e]" name="GoDigitAzureAndO365" duration-ms="0" started-at="2021-01-16T09:08:24Z" data-provider="GoDigitAzureAndOffice365" finished-at="2021-01-16T09:08:24Z">
          <exception class="java.lang.RuntimeException">
            <message>
              <![CDATA[java.lang.NullPointerException]]>
            </message>
            <full-stacktrace>
              <![CDATA[java.lang.RuntimeException: java.lang.NullPointerException
	at org.testng.internal.MethodInvocationHelper.invokeMethodNoCheckedException(MethodInvocationHelper.java:49)
	at org.testng.internal.MethodInvocationHelper.invokeDataProvider(MethodInvocationHelper.java:115)
	at org.testng.internal.Parameters.handleParameters(Parameters.java:509)
	at org.testng.internal.Invoker.handleParameters(Invoker.java:1308)
	at org.testng.internal.Invoker.createParameters(Invoker.java:1036)
	at org.testng.internal.Invoker.invokeTestMethods(Invoker.java:1126)
	at org.testng.internal.TestMethodWorker.invokeTestMethods(TestMethodWorker.java:126)
	at org.testng.internal.TestMethodWorker.run(TestMethodWorker.java:109)
	at org.testng.TestRunner.privateRun(TestRunner.java:744)
	at org.testng.TestRunner.run(TestRunner.java:602)
	at org.testng.SuiteRunner.runTest(SuiteRunner.java:380)
	at org.testng.SuiteRunner.runSequentially(SuiteRunner.java:375)
	at org.testng.SuiteRunner.privateRun(SuiteRunner.java:340)
	at org.testng.SuiteRunner.run(SuiteRunner.java:289)
	at org.testng.SuiteRunnerWorker.runSuite(SuiteRunnerWorker.java:52)
	at org.testng.SuiteRunnerWorker.run(SuiteRunnerWorker.java:86)
	at org.testng.TestNG.runSuitesSequentially(TestNG.java:1301)
	at org.testng.TestNG.runSuitesLocally(TestNG.java:1226)
	at org.testng.TestNG.runSuites(TestNG.java:1144)
	at org.testng.TestNG.run(TestNG.java:1115)
	at org.testng.remote.AbstractRemoteTestNG.run(AbstractRemoteTestNG.java:132)
	at org.testng.remote.RemoteTestNG.initAndRun(RemoteTestNG.java:236)
	at org.testng.remote.RemoteTestNG.main(RemoteTestNG.java:81)
Caused by: java.lang.NullPointerException
	at com.hcc.qa.util.ExcelDataReading.getTestData(ExcelDataReading.java:31)
	at ExtentReport.ExtentReportsClass.GoDigitAzureAndOffice365(ExtentReportsClass.java:260)
	at sun.reflect.NativeMethodAccessorImpl.invoke0(Native Method)
	at sun.reflect.NativeMethodAccessorImpl.invoke(NativeMethodAccessorImpl.java:62)
	at sun.reflect.DelegatingMethodAccessorImpl.invoke(DelegatingMethodAccessorImpl.java:43)
	at java.lang.reflect.Method.invoke(Method.java:498)
	at org.testng.internal.MethodInvocationHelper.invokeMethod(MethodInvocationHelper.java:108)
	at org.testng.internal.MethodInvocationHelper.invokeMethod(MethodInvocationHelper.java:55)
	at org.testng.internal.MethodInvocationHelper.invokeMethodNoCheckedException(MethodInvocationHelper.java:45)
	... 22 more
]]>
            </full-stacktrace>
          </exception> <!-- java.lang.RuntimeException -->
          <reporter-output>
          </reporter-output>
        </test-method> <!-- GoDigitAzureAndO365 -->
        <test-method status="PASS" signature="CommonsaaslecwipfliWithO365(java.lang.String, java.lang.String)[pri:15, instance:ExtentReport.ExtentReportsClass@29ca901e]" name="CommonsaaslecwipfliWithO365" duration-ms="90774" started-at="2021-01-16T09:08:24Z" data-provider="commonsaaslecwipfli" finished-at="2021-01-16T09:09:55Z">
          <params>
            <param index="0">
              <value>
                <![CDATA[http://commonsaaslecwipfli.eastus2.cloudapp.azure.com:9090/nifi/]]>
              </value>
            </param>
            <param index="1">
              <value>
                <![CDATA[FRIESFINANCIAL,BOERKECOMPANY,CTI_Papers,LHDMD,LSBLACK,TOMCINMETAL,STRESAULAB,National Mail,WIPFLIINDIA]]>
              </value>
            </param>
          </params>
          <reporter-output>
          </reporter-output>
        </test-method> <!-- CommonsaaslecwipfliWithO365 -->
        <test-method status="PASS" signature="getResult(org.testng.ITestResult)[pri:0, instance:ExtentReport.ExtentReportsClass@29ca901e]" name="getResult" is-config="true" duration-ms="1" started-at="2021-01-16T09:09:55Z" finished-at="2021-01-16T09:09:55Z">
          <params>
            <param index="0">
              <value>
                <![CDATA[[TestResult name=CommonsaaslecwipfliWithO365 status=SUCCESS method=ExtentReportsClass.CommonsaaslecwipfliWithO365(java.lang.String, java.lang.String)[pri:15, instance:ExtentReport.ExtentReportsClass@29ca901e] output={null}]]]>
              </value>
            </param>
          </params>
          <reporter-output>
          </reporter-output>
        </test-method> <!-- getResult -->
        <test-method status="PASS" signature="McguirewithAzureAndO365(java.lang.String, java.lang.String)[pri:16, instance:ExtentReport.ExtentReportsClass@29ca901e]" name="McguirewithAzureAndO365" duration-ms="96772" started-at="2021-01-16T09:09:55Z" data-provider="MCGUIREData" finished-at="2021-01-16T09:11:32Z">
          <params>
            <param index="0">
              <value>
                <![CDATA[http://palmdrsa-ithy3fa7c3hmo.eastus2.cloudapp.azure.com:8080/nifi/]]>
              </value>
            </param>
            <param index="1">
              <value>
                <![CDATA[MCGUIRE]]>
              </value>
            </param>
          </params>
          <reporter-output>
          </reporter-output>
        </test-method> <!-- McguirewithAzureAndO365 -->
        <test-method status="PASS" signature="getResult(org.testng.ITestResult)[pri:0, instance:ExtentReport.ExtentReportsClass@29ca901e]" name="getResult" is-config="true" duration-ms="1" started-at="2021-01-16T09:11:32Z" finished-at="2021-01-16T09:11:32Z">
          <params>
            <param index="0">
              <value>
                <![CDATA[[TestResult name=McguirewithAzureAndO365 status=SUCCESS method=ExtentReportsClass.McguirewithAzureAndO365(java.lang.String, java.lang.String)[pri:16, instance:ExtentReport.ExtentReportsClass@29ca901e] output={null}]]]>
              </value>
            </param>
          </params>
          <reporter-output>
          </reporter-output>
        </test-method> <!-- getResult -->
        <test-method status="PASS" signature="WipfliLLPWithAzureAndO365(java.lang.String, java.lang.String)[pri:17, instance:ExtentReport.ExtentReportsClass@29ca901e]" name="WipfliLLPWithAzureAndO365" duration-ms="93592" started-at="2021-01-16T09:11:32Z" data-provider="WipfliLLPData" finished-at="2021-01-16T09:13:06Z">
          <params>
            <param index="0">
              <value>
                <![CDATA[http://palmdrsa-nt7uozdylobzg.eastus.cloudapp.azure.com:8080/nifi]]>
              </value>
            </param>
            <param index="1">
              <value>
                <![CDATA[Wipfli LLP]]>
              </value>
            </param>
          </params>
          <reporter-output>
          </reporter-output>
        </test-method> <!-- WipfliLLPWithAzureAndO365 -->
        <test-method status="PASS" signature="getResult(org.testng.ITestResult)[pri:0, instance:ExtentReport.ExtentReportsClass@29ca901e]" name="getResult" is-config="true" duration-ms="0" started-at="2021-01-16T09:13:06Z" finished-at="2021-01-16T09:13:06Z">
          <params>
            <param index="0">
              <value>
                <![CDATA[[TestResult name=WipfliLLPWithAzureAndO365 status=SUCCESS method=ExtentReportsClass.WipfliLLPWithAzureAndO365(java.lang.String, java.lang.String)[pri:17, instance:ExtentReport.ExtentReportsClass@29ca901e] output={null}]]]>
              </value>
            </param>
          </params>
          <reporter-output>
          </reporter-output>
        </test-method> <!-- getResult -->
        <test-method status="PASS" signature="HPGwithAzureAndO365(java.lang.String, java.lang.String)[pri:18, instance:ExtentReport.ExtentReportsClass@29ca901e]" name="HPGwithAzureAndO365" duration-ms="92950" started-at="2021-01-16T09:13:06Z" data-provider="HPGData" finished-at="2021-01-16T09:14:39Z">
          <params>
            <param index="0">
              <value>
                <![CDATA[http://palmdrsa-sxsxigpx4yj4k.westus.cloudapp.azure.com:8080/nifi]]>
              </value>
            </param>
            <param index="1">
              <value>
                <![CDATA[HPG]]>
              </value>
            </param>
          </params>
          <reporter-output>
          </reporter-output>
        </test-method> <!-- HPGwithAzureAndO365 -->
        <test-method status="PASS" signature="getResult(org.testng.ITestResult)[pri:0, instance:ExtentReport.ExtentReportsClass@29ca901e]" name="getResult" is-config="true" duration-ms="1" started-at="2021-01-16T09:14:39Z" finished-at="2021-01-16T09:14:39Z">
          <params>
            <param index="0">
              <value>
                <![CDATA[[TestResult name=HPGwithAzureAndO365 status=SUCCESS method=ExtentReportsClass.HPGwithAzureAndO365(java.lang.String, java.lang.String)[pri:18, instance:ExtentReport.ExtentReportsClass@29ca901e] output={null}]]]>
              </value>
            </param>
          </params>
          <reporter-output>
          </reporter-output>
        </test-method> <!-- getResult -->
        <test-method status="PASS" signature="CommonsaaslecusawithO365(java.lang.String, java.lang.String)[pri:19, instance:ExtentReport.ExtentReportsClass@29ca901e]" name="CommonsaaslecusawithO365" duration-ms="92578" started-at="2021-01-16T09:14:39Z" data-provider="commonsaaslecusa" finished-at="2021-01-16T09:16:12Z">
          <params>
            <param index="0">
              <value>
                <![CDATA[http://commonsaaslecusa.westus.cloudapp.azure.com:9090/nifi/]]>
              </value>
            </param>
            <param index="1">
              <value>
                <![CDATA[TAC Sea Island,TAC Walden,Security Alliance,Digital River,PMCGroup,Wipfli LLP,NVR,Wipfli LLP,
Crown]]>
              </value>
            </param>
          </params>
          <reporter-output>
          </reporter-output>
        </test-method> <!-- CommonsaaslecusawithO365 -->
        <test-method status="PASS" signature="getResult(org.testng.ITestResult)[pri:0, instance:ExtentReport.ExtentReportsClass@29ca901e]" name="getResult" is-config="true" duration-ms="0" started-at="2021-01-16T09:16:12Z" finished-at="2021-01-16T09:16:12Z">
          <params>
            <param index="0">
              <value>
                <![CDATA[[TestResult name=CommonsaaslecusawithO365 status=SUCCESS method=ExtentReportsClass.CommonsaaslecusawithO365(java.lang.String, java.lang.String)[pri:19, instance:ExtentReport.ExtentReportsClass@29ca901e] output={null}]]]>
              </value>
            </param>
          </params>
          <reporter-output>
          </reporter-output>
        </test-method> <!-- getResult -->
        <test-method status="PASS" signature="Commonsaaslecpocusa(java.lang.String, java.lang.String)[pri:20, instance:ExtentReport.ExtentReportsClass@29ca901e]" name="Commonsaaslecpocusa" duration-ms="91914" started-at="2021-01-16T09:16:12Z" data-provider="commonsaaslecpocusa" finished-at="2021-01-16T09:17:44Z">
          <params>
            <param index="0">
              <value>
                <![CDATA[http://commonsaaslecpocusa.westus.cloudapp.azure.com:9090/nifi/]]>
              </value>
            </param>
            <param index="1">
              <value>
                <![CDATA[commonsaaslecpocusa]]>
              </value>
            </param>
          </params>
          <reporter-output>
          </reporter-output>
        </test-method> <!-- Commonsaaslecpocusa -->
        <test-method status="PASS" signature="getResult(org.testng.ITestResult)[pri:0, instance:ExtentReport.ExtentReportsClass@29ca901e]" name="getResult" is-config="true" duration-ms="1" started-at="2021-01-16T09:17:44Z" finished-at="2021-01-16T09:17:44Z">
          <params>
            <param index="0">
              <value>
                <![CDATA[[TestResult name=Commonsaaslecpocusa status=SUCCESS method=ExtentReportsClass.Commonsaaslecpocusa(java.lang.String, java.lang.String)[pri:20, instance:ExtentReport.ExtentReportsClass@29ca901e] output={null}]]]>
              </value>
            </param>
          </params>
          <reporter-output>
          </reporter-output>
        </test-method> <!-- getResult -->
        <test-method status="PASS" signature="Mdrazcentrallec(java.lang.String, java.lang.String)[pri:21, instance:ExtentReport.ExtentReportsClass@29ca901e]" name="Mdrazcentrallec" duration-ms="91428" started-at="2021-01-16T09:17:44Z" data-provider="mdrazcentrallec" finished-at="2021-01-16T09:19:15Z">
          <params>
            <param index="0">
              <value>
                <![CDATA[http://mdrazcentrallec.westus.cloudapp.azure.com:9090/nifi/]]>
              </value>
            </param>
            <param index="1">
              <value>
                <![CDATA[mdrazcentrallec]]>
              </value>
            </param>
          </params>
          <reporter-output>
          </reporter-output>
        </test-method> <!-- Mdrazcentrallec -->
        <test-method status="PASS" signature="getResult(org.testng.ITestResult)[pri:0, instance:ExtentReport.ExtentReportsClass@29ca901e]" name="getResult" is-config="true" duration-ms="2" started-at="2021-01-16T09:19:15Z" finished-at="2021-01-16T09:19:15Z">
          <params>
            <param index="0">
              <value>
                <![CDATA[[TestResult name=Mdrazcentrallec status=SUCCESS method=ExtentReportsClass.Mdrazcentrallec(java.lang.String, java.lang.String)[pri:21, instance:ExtentReport.ExtentReportsClass@29ca901e] output={null}]]]>
              </value>
            </param>
          </params>
          <reporter-output>
          </reporter-output>
        </test-method> <!-- getResult -->
        <test-method status="PASS" signature="GodigitAzureO365(java.lang.String, java.lang.String)[pri:22, instance:ExtentReport.ExtentReportsClass@29ca901e]" name="GodigitAzureO365" duration-ms="68530" started-at="2021-01-16T09:19:15Z" data-provider="GodigitAzureO365" finished-at="2021-01-16T09:20:24Z">
          <params>
            <param index="0">
              <value>
                <![CDATA[https://palmdrsa-d4ghgmiwxuiai.centralindia.cloudapp.azure.com:8080/nifi/]]>
              </value>
            </param>
            <param index="1">
              <value>
                <![CDATA[GodigitAzureAndO365]]>
              </value>
            </param>
          </params>
          <reporter-output>
          </reporter-output>
        </test-method> <!-- GodigitAzureO365 -->
        <test-method status="PASS" signature="getResult(org.testng.ITestResult)[pri:0, instance:ExtentReport.ExtentReportsClass@29ca901e]" name="getResult" is-config="true" duration-ms="0" started-at="2021-01-16T09:20:24Z" finished-at="2021-01-16T09:20:24Z">
          <params>
            <param index="0">
              <value>
                <![CDATA[[TestResult name=GodigitAzureO365 status=SUCCESS method=ExtentReportsClass.GodigitAzureO365(java.lang.String, java.lang.String)[pri:22, instance:ExtentReport.ExtentReportsClass@29ca901e] output={null}]]]>
              </value>
            </param>
          </params>
          <reporter-output>
          </reporter-output>
        </test-method> <!-- getResult -->
        <test-method status="PASS" signature="ASMShippingwithAzureO365(java.lang.String, java.lang.String)[pri:23, instance:ExtentReport.ExtentReportsClass@29ca901e]" name="ASMShippingwithAzureO365" duration-ms="97554" started-at="2021-01-16T09:20:24Z" data-provider="ASM" finished-at="2021-01-16T09:22:02Z">
          <params>
            <param index="0">
              <value>
                <![CDATA[https://104.211.163.127:8080/nifi/]]>
              </value>
            </param>
            <param index="1">
              <value>
                <![CDATA[ASM Shipping Pvt Ltd ]]>
              </value>
            </param>
          </params>
          <reporter-output>
          </reporter-output>
        </test-method> <!-- ASMShippingwithAzureO365 -->
        <test-method status="PASS" signature="getResult(org.testng.ITestResult)[pri:0, instance:ExtentReport.ExtentReportsClass@29ca901e]" name="getResult" is-config="true" duration-ms="0" started-at="2021-01-16T09:22:02Z" finished-at="2021-01-16T09:22:02Z">
          <params>
            <param index="0">
              <value>
                <![CDATA[[TestResult name=ASMShippingwithAzureO365 status=SUCCESS method=ExtentReportsClass.ASMShippingwithAzureO365(java.lang.String, java.lang.String)[pri:23, instance:ExtentReport.ExtentReportsClass@29ca901e] output={null}]]]>
              </value>
            </param>
          </params>
          <reporter-output>
          </reporter-output>
        </test-method> <!-- getResult -->
        <test-method status="PASS" signature="PepperIndiawithAzureO365(java.lang.String, java.lang.String)[pri:24, instance:ExtentReport.ExtentReportsClass@29ca901e]" name="PepperIndiawithAzureO365" duration-ms="64200" started-at="2021-01-16T09:22:02Z" data-provider="PepperIndia" finished-at="2021-01-16T09:23:06Z">
          <params>
            <param index="0">
              <value>
                <![CDATA[http://palmdrsa-sgabk3qkbgmc4.centralindia.cloudapp.azure.com:8080/nifi/]]>
              </value>
            </param>
            <param index="1">
              <value>
                <![CDATA[Pepper India]]>
              </value>
            </param>
          </params>
          <reporter-output>
          </reporter-output>
        </test-method> <!-- PepperIndiawithAzureO365 -->
        <test-method status="PASS" signature="getResult(org.testng.ITestResult)[pri:0, instance:ExtentReport.ExtentReportsClass@29ca901e]" name="getResult" is-config="true" duration-ms="0" started-at="2021-01-16T09:23:06Z" finished-at="2021-01-16T09:23:06Z">
          <params>
            <param index="0">
              <value>
                <![CDATA[[TestResult name=PepperIndiawithAzureO365 status=SUCCESS method=ExtentReportsClass.PepperIndiawithAzureO365(java.lang.String, java.lang.String)[pri:24, instance:ExtentReport.ExtentReportsClass@29ca901e] output={null}]]]>
              </value>
            </param>
          </params>
          <reporter-output>
          </reporter-output>
        </test-method> <!-- getResult -->
        <test-method status="PASS" signature="Simens1withAws(java.lang.String, java.lang.String)[pri:25, instance:ExtentReport.ExtentReportsClass@29ca901e]" name="Simens1withAws" duration-ms="94535" started-at="2021-01-16T09:23:06Z" data-provider="Simens1" finished-at="2021-01-16T09:24:41Z">
          <params>
            <param index="0">
              <value>
                <![CDATA[http://34.228.29.53:9090/nifi]]>
              </value>
            </param>
            <param index="1">
              <value>
                <![CDATA[Simens1]]>
              </value>
            </param>
          </params>
          <reporter-output>
          </reporter-output>
        </test-method> <!-- Simens1withAws -->
        <test-method status="PASS" signature="getResult(org.testng.ITestResult)[pri:0, instance:ExtentReport.ExtentReportsClass@29ca901e]" name="getResult" is-config="true" duration-ms="0" started-at="2021-01-16T09:24:41Z" finished-at="2021-01-16T09:24:41Z">
          <params>
            <param index="0">
              <value>
                <![CDATA[[TestResult name=Simens1withAws status=SUCCESS method=ExtentReportsClass.Simens1withAws(java.lang.String, java.lang.String)[pri:25, instance:ExtentReport.ExtentReportsClass@29ca901e] output={null}]]]>
              </value>
            </param>
          </params>
          <reporter-output>
          </reporter-output>
        </test-method> <!-- getResult -->
        <test-method status="PASS" signature="Simens2withAws(java.lang.String, java.lang.String)[pri:26, instance:ExtentReport.ExtentReportsClass@29ca901e]" name="Simens2withAws" duration-ms="92087" started-at="2021-01-16T09:24:41Z" data-provider="Simens2" finished-at="2021-01-16T09:26:13Z">
          <params>
            <param index="0">
              <value>
                <![CDATA[http://3.230.128.231:9090/nifi]]>
              </value>
            </param>
            <param index="1">
              <value>
                <![CDATA[Simens2]]>
              </value>
            </param>
          </params>
          <reporter-output>
          </reporter-output>
        </test-method> <!-- Simens2withAws -->
        <test-method status="PASS" signature="getResult(org.testng.ITestResult)[pri:0, instance:ExtentReport.ExtentReportsClass@29ca901e]" name="getResult" is-config="true" duration-ms="1" started-at="2021-01-16T09:26:13Z" finished-at="2021-01-16T09:26:13Z">
          <params>
            <param index="0">
              <value>
                <![CDATA[[TestResult name=Simens2withAws status=SUCCESS method=ExtentReportsClass.Simens2withAws(java.lang.String, java.lang.String)[pri:26, instance:ExtentReport.ExtentReportsClass@29ca901e] output={null}]]]>
              </value>
            </param>
          </params>
          <reporter-output>
          </reporter-output>
        </test-method> <!-- getResult -->
        <test-method status="PASS" signature="Simens3withAws(java.lang.String, java.lang.String)[pri:27, instance:ExtentReport.ExtentReportsClass@29ca901e]" name="Simens3withAws" duration-ms="90168" started-at="2021-01-16T09:26:13Z" data-provider="Simens3" finished-at="2021-01-16T09:27:43Z">
          <params>
            <param index="0">
              <value>
                <![CDATA[http://54.82.76.184:9090/nifi]]>
              </value>
            </param>
            <param index="1">
              <value>
                <![CDATA[Simens3]]>
              </value>
            </param>
          </params>
          <reporter-output>
          </reporter-output>
        </test-method> <!-- Simens3withAws -->
        <test-method status="PASS" signature="getResult(org.testng.ITestResult)[pri:0, instance:ExtentReport.ExtentReportsClass@29ca901e]" name="getResult" is-config="true" duration-ms="0" started-at="2021-01-16T09:27:43Z" finished-at="2021-01-16T09:27:43Z">
          <params>
            <param index="0">
              <value>
                <![CDATA[[TestResult name=Simens3withAws status=SUCCESS method=ExtentReportsClass.Simens3withAws(java.lang.String, java.lang.String)[pri:27, instance:ExtentReport.ExtentReportsClass@29ca901e] output={null}]]]>
              </value>
            </param>
          </params>
          <reporter-output>
          </reporter-output>
        </test-method> <!-- getResult -->
        <test-method status="PASS" signature="Simens4withAws(java.lang.String, java.lang.String)[pri:28, instance:ExtentReport.ExtentReportsClass@29ca901e]" name="Simens4withAws" duration-ms="74791" started-at="2021-01-16T09:27:43Z" data-provider="Simens4" finished-at="2021-01-16T09:28:58Z">
          <params>
            <param index="0">
              <value>
                <![CDATA[http://52.91.243.45:9090/nifi]]>
              </value>
            </param>
            <param index="1">
              <value>
                <![CDATA[Simens4]]>
              </value>
            </param>
          </params>
          <reporter-output>
          </reporter-output>
        </test-method> <!-- Simens4withAws -->
        <test-method status="PASS" signature="getResult(org.testng.ITestResult)[pri:0, instance:ExtentReport.ExtentReportsClass@29ca901e]" name="getResult" is-config="true" duration-ms="6" started-at="2021-01-16T09:28:58Z" finished-at="2021-01-16T09:28:58Z">
          <params>
            <param index="0">
              <value>
                <![CDATA[[TestResult name=Simens4withAws status=SUCCESS method=ExtentReportsClass.Simens4withAws(java.lang.String, java.lang.String)[pri:28, instance:ExtentReport.ExtentReportsClass@29ca901e] output={null}]]]>
              </value>
            </param>
          </params>
          <reporter-output>
          </reporter-output>
        </test-method> <!-- getResult -->
        <test-method status="PASS" signature="Simens5withAws(java.lang.String, java.lang.String)[pri:29, instance:ExtentReport.ExtentReportsClass@29ca901e]" name="Simens5withAws" duration-ms="92040" started-at="2021-01-16T09:28:58Z" data-provider="Simens5" finished-at="2021-01-16T09:30:30Z">
          <params>
            <param index="0">
              <value>
                <![CDATA[http://35.171.87.63:9090/nifi]]>
              </value>
            </param>
            <param index="1">
              <value>
                <![CDATA[Simens5]]>
              </value>
            </param>
          </params>
          <reporter-output>
          </reporter-output>
        </test-method> <!-- Simens5withAws -->
        <test-method status="PASS" signature="getResult(org.testng.ITestResult)[pri:0, instance:ExtentReport.ExtentReportsClass@29ca901e]" name="getResult" is-config="true" duration-ms="0" started-at="2021-01-16T09:30:30Z" finished-at="2021-01-16T09:30:30Z">
          <params>
            <param index="0">
              <value>
                <![CDATA[[TestResult name=Simens5withAws status=SUCCESS method=ExtentReportsClass.Simens5withAws(java.lang.String, java.lang.String)[pri:29, instance:ExtentReport.ExtentReportsClass@29ca901e] output={null}]]]>
              </value>
            </param>
          </params>
          <reporter-output>
          </reporter-output>
        </test-method> <!-- getResult -->
        <test-method status="PASS" signature="Simens6withAws(java.lang.String, java.lang.String)[pri:30, instance:ExtentReport.ExtentReportsClass@29ca901e]" name="Simens6withAws" duration-ms="90698" started-at="2021-01-16T09:30:30Z" data-provider="Simens6" finished-at="2021-01-16T09:32:01Z">
          <params>
            <param index="0">
              <value>
                <![CDATA[http://3.239.63.124:9090/nifi]]>
              </value>
            </param>
            <param index="1">
              <value>
                <![CDATA[Simens6]]>
              </value>
            </param>
          </params>
          <reporter-output>
          </reporter-output>
        </test-method> <!-- Simens6withAws -->
        <test-method status="PASS" signature="getResult(org.testng.ITestResult)[pri:0, instance:ExtentReport.ExtentReportsClass@29ca901e]" name="getResult" is-config="true" duration-ms="0" started-at="2021-01-16T09:32:01Z" finished-at="2021-01-16T09:32:01Z">
          <params>
            <param index="0">
              <value>
                <![CDATA[[TestResult name=Simens6withAws status=SUCCESS method=ExtentReportsClass.Simens6withAws(java.lang.String, java.lang.String)[pri:30, instance:ExtentReport.ExtentReportsClass@29ca901e] output={null}]]]>
              </value>
            </param>
          </params>
          <reporter-output>
          </reporter-output>
        </test-method> <!-- getResult -->
        <test-method status="PASS" signature="Simens7withAws(java.lang.String, java.lang.String)[pri:31, instance:ExtentReport.ExtentReportsClass@29ca901e]" name="Simens7withAws" duration-ms="101845" started-at="2021-01-16T09:32:01Z" data-provider="Simens7" finished-at="2021-01-16T09:33:43Z">
          <params>
            <param index="0">
              <value>
                <![CDATA[http://18.212.67.13:9090/nifi]]>
              </value>
            </param>
            <param index="1">
              <value>
                <![CDATA[Simens7]]>
              </value>
            </param>
          </params>
          <reporter-output>
          </reporter-output>
        </test-method> <!-- Simens7withAws -->
        <test-method status="PASS" signature="getResult(org.testng.ITestResult)[pri:0, instance:ExtentReport.ExtentReportsClass@29ca901e]" name="getResult" is-config="true" duration-ms="0" started-at="2021-01-16T09:33:43Z" finished-at="2021-01-16T09:33:43Z">
          <params>
            <param index="0">
              <value>
                <![CDATA[[TestResult name=Simens7withAws status=SUCCESS method=ExtentReportsClass.Simens7withAws(java.lang.String, java.lang.String)[pri:31, instance:ExtentReport.ExtentReportsClass@29ca901e] output={null}]]]>
              </value>
            </param>
          </params>
          <reporter-output>
          </reporter-output>
        </test-method> <!-- getResult -->
        <test-method status="PASS" signature="Integra(java.lang.String, java.lang.String)[pri:32, instance:ExtentReport.ExtentReportsClass@29ca901e]" name="Integra" duration-ms="90709" started-at="2021-01-16T09:33:43Z" data-provider="Integra" finished-at="2021-01-16T09:35:14Z">
          <params>
            <param index="0">
              <value>
                <![CDATA[http://intmdrazcentrallec.westus.cloudapp.azure.com:9090/nifi]]>
              </value>
            </param>
            <param index="1">
              <value>
                <![CDATA[Integra]]>
              </value>
            </param>
          </params>
          <reporter-output>
          </reporter-output>
        </test-method> <!-- Integra -->
        <test-method status="PASS" signature="getResult(org.testng.ITestResult)[pri:0, instance:ExtentReport.ExtentReportsClass@29ca901e]" name="getResult" is-config="true" duration-ms="0" started-at="2021-01-16T09:35:14Z" finished-at="2021-01-16T09:35:14Z">
          <params>
            <param index="0">
              <value>
                <![CDATA[[TestResult name=Integra status=SUCCESS method=ExtentReportsClass.Integra(java.lang.String, java.lang.String)[pri:32, instance:ExtentReport.ExtentReportsClass@29ca901e] output={null}]]]>
              </value>
            </param>
          </params>
          <reporter-output>
          </reporter-output>
        </test-method> <!-- getResult -->
        <test-method status="PASS" signature="MCGUIREwithAws(java.lang.String, java.lang.String)[pri:32, instance:ExtentReport.ExtentReportsClass@29ca901e]" name="MCGUIREwithAws" duration-ms="93100" started-at="2021-01-16T09:35:14Z" data-provider="MCGUIREAWS" finished-at="2021-01-16T09:36:47Z">
          <params>
            <param index="0">
              <value>
                <![CDATA[http://3.137.211.177:9090/nifi
]]>
              </value>
            </param>
            <param index="1">
              <value>
                <![CDATA[MCGUIREAWS]]>
              </value>
            </param>
          </params>
          <reporter-output>
          </reporter-output>
        </test-method> <!-- MCGUIREwithAws -->
        <test-method status="PASS" signature="getResult(org.testng.ITestResult)[pri:0, instance:ExtentReport.ExtentReportsClass@29ca901e]" name="getResult" is-config="true" duration-ms="0" started-at="2021-01-16T09:36:47Z" finished-at="2021-01-16T09:36:47Z">
          <params>
            <param index="0">
              <value>
                <![CDATA[[TestResult name=MCGUIREwithAws status=SUCCESS method=ExtentReportsClass.MCGUIREwithAws(java.lang.String, java.lang.String)[pri:32, instance:ExtentReport.ExtentReportsClass@29ca901e] output={null}]]]>
              </value>
            </param>
          </params>
          <reporter-output>
          </reporter-output>
        </test-method> <!-- getResult -->
        <test-method status="PASS" signature="Simens8withAws(java.lang.String, java.lang.String)[pri:32, instance:ExtentReport.ExtentReportsClass@29ca901e]" name="Simens8withAws" duration-ms="91255" started-at="2021-01-16T09:36:47Z" data-provider="Simens8" finished-at="2021-01-16T09:38:18Z">
          <params>
            <param index="0">
              <value>
                <![CDATA[http://52.201.196.118:9090/nifi]]>
              </value>
            </param>
            <param index="1">
              <value>
                <![CDATA[Simens8]]>
              </value>
            </param>
          </params>
          <reporter-output>
          </reporter-output>
        </test-method> <!-- Simens8withAws -->
        <test-method status="PASS" signature="getResult(org.testng.ITestResult)[pri:0, instance:ExtentReport.ExtentReportsClass@29ca901e]" name="getResult" is-config="true" duration-ms="0" started-at="2021-01-16T09:38:18Z" finished-at="2021-01-16T09:38:18Z">
          <params>
            <param index="0">
              <value>
                <![CDATA[[TestResult name=Simens8withAws status=SUCCESS method=ExtentReportsClass.Simens8withAws(java.lang.String, java.lang.String)[pri:32, instance:ExtentReport.ExtentReportsClass@29ca901e] output={null}]]]>
              </value>
            </param>
          </params>
          <reporter-output>
          </reporter-output>
        </test-method> <!-- getResult -->
        <test-method status="PASS" signature="Simens9WithAws(java.lang.String, java.lang.String)[pri:32, instance:ExtentReport.ExtentReportsClass@29ca901e]" name="Simens9WithAws" duration-ms="90508" started-at="2021-01-16T09:38:19Z" data-provider="Simens9" finished-at="2021-01-16T09:39:49Z">
          <params>
            <param index="0">
              <value>
                <![CDATA[http://3.94.146.98:9090/nifi]]>
              </value>
            </param>
            <param index="1">
              <value>
                <![CDATA[Simens9]]>
              </value>
            </param>
          </params>
          <reporter-output>
          </reporter-output>
        </test-method> <!-- Simens9WithAws -->
        <test-method status="PASS" signature="getResult(org.testng.ITestResult)[pri:0, instance:ExtentReport.ExtentReportsClass@29ca901e]" name="getResult" is-config="true" duration-ms="0" started-at="2021-01-16T09:39:49Z" finished-at="2021-01-16T09:39:49Z">
          <params>
            <param index="0">
              <value>
                <![CDATA[[TestResult name=Simens9WithAws status=SUCCESS method=ExtentReportsClass.Simens9WithAws(java.lang.String, java.lang.String)[pri:32, instance:ExtentReport.ExtentReportsClass@29ca901e] output={null}]]]>
              </value>
            </param>
          </params>
          <reporter-output>
          </reporter-output>
        </test-method> <!-- getResult -->
        <test-method status="PASS" signature="endReport()[pri:0, instance:ExtentReport.ExtentReportsClass@29ca901e]" name="endReport" is-config="true" duration-ms="1362" started-at="2021-01-16T09:39:49Z" finished-at="2021-01-16T09:39:50Z">
          <reporter-output>
          </reporter-output>
        </test-method> <!-- endReport -->
      </class> <!-- ExtentReport.ExtentReportsClass -->
    </test> <!-- Default test -->
  </suite> <!-- Default suite -->
</testng-results>
