<?xml version="1.0" encoding="UTF-8"?>
<!-- Generated by org.testng.reporters.JUnitXMLReporter -->
<testsuite hostname="PAL-BLR-VINU" ignored="0" name="Default test" tests="35" failures="0" timestamp="16 Jan 2021 04:09:51 GMT" time="2977.056" errors="0">
  <testcase name="PaladionNetworksWithAzureAndOffice365" time="70.889" classname="ExtentReport.ExtentReportsClass"/>
  <testcase name="PaladionNetworksWithAzure" time="69.084" classname="ExtentReport.ExtentReportsClass"/>
  <testcase name="PaladionNetworksWithAws" time="92.698" classname="ExtentReport.ExtentReportsClass"/>
  <testcase name="AlMuhaidib" time="93.187" classname="ExtentReport.ExtentReportsClass"/>
  <testcase name="GoDigitWithAWS" time="61.354" classname="ExtentReport.ExtentReportsClass"/>
  <testcase name="ASGWithAws" time="90.166" classname="ExtentReport.ExtentReportsClass"/>
  <testcase name="SpiGlobalWithAzureAndO365" time="92.1" classname="ExtentReport.ExtentReportsClass"/>
  <testcase name="TrainzWithAzure" time="91.928" classname="ExtentReport.ExtentReportsClass"/>
  <testcase name="SPIGlobalWithAWS" time="85.73" classname="ExtentReport.ExtentReportsClass"/>
  <testcase name="UnicoilWithAzure" time="93.915" classname="ExtentReport.ExtentReportsClass"/>
  <testcase name="UtkarshBankWithAzure" time="60.981" classname="ExtentReport.ExtentReportsClass"/>
  <testcase name="CommonsaaslecindwithO365" time="93.899" classname="ExtentReport.ExtentReportsClass"/>
  <testcase name="ThomasCookWithAws" time="88.259" classname="ExtentReport.ExtentReportsClass"/>
  <testcase name="GoDigitAzureAndO365" time="0.0" classname="ExtentReport.ExtentReportsClass">
    <skipped/>
  </testcase> <!-- GoDigitAzureAndO365 -->
  <testcase name="CommonsaaslecwipfliWithO365" time="90.774" classname="ExtentReport.ExtentReportsClass"/>
  <testcase name="McguirewithAzureAndO365" time="96.772" classname="ExtentReport.ExtentReportsClass"/>
  <testcase name="WipfliLLPWithAzureAndO365" time="93.592" classname="ExtentReport.ExtentReportsClass"/>
  <testcase name="HPGwithAzureAndO365" time="92.95" classname="ExtentReport.ExtentReportsClass"/>
  <testcase name="CommonsaaslecusawithO365" time="92.578" classname="ExtentReport.ExtentReportsClass"/>
  <testcase name="Commonsaaslecpocusa" time="91.914" classname="ExtentReport.ExtentReportsClass"/>
  <testcase name="Mdrazcentrallec" time="91.428" classname="ExtentReport.ExtentReportsClass"/>
  <testcase name="GodigitAzureO365" time="68.53" classname="ExtentReport.ExtentReportsClass"/>
  <testcase name="ASMShippingwithAzureO365" time="97.554" classname="ExtentReport.ExtentReportsClass"/>
  <testcase name="PepperIndiawithAzureO365" time="64.2" classname="ExtentReport.ExtentReportsClass"/>
  <testcase name="Simens1withAws" time="94.535" classname="ExtentReport.ExtentReportsClass"/>
  <testcase name="Simens2withAws" time="92.087" classname="ExtentReport.ExtentReportsClass"/>
  <testcase name="Simens3withAws" time="90.168" classname="ExtentReport.ExtentReportsClass"/>
  <testcase name="Simens4withAws" time="74.791" classname="ExtentReport.ExtentReportsClass"/>
  <testcase name="Simens5withAws" time="92.04" classname="ExtentReport.ExtentReportsClass"/>
  <testcase name="Simens6withAws" time="90.698" classname="ExtentReport.ExtentReportsClass"/>
  <testcase name="Simens7withAws" time="101.845" classname="ExtentReport.ExtentReportsClass"/>
  <testcase name="Integra" time="90.709" classname="ExtentReport.ExtentReportsClass"/>
  <testcase name="MCGUIREwithAws" time="93.1" classname="ExtentReport.ExtentReportsClass"/>
  <testcase name="Simens8withAws" time="91.255" classname="ExtentReport.ExtentReportsClass"/>
  <testcase name="Simens9WithAws" time="90.508" classname="ExtentReport.ExtentReportsClass"/>
</testsuite> <!-- Default test -->
