<?xml version="1.0" encoding="UTF-8"?>
<!-- Generated by org.testng.reporters.JUnitXMLReporter -->
<testsuite hostname="PAL-BLR-VINU" ignored="0" name="Default test" tests="22" failures="0" timestamp="03 Dec 2020 06:30:37 GMT" time="1962.87" errors="0">
  <testcase name="PaladionNetworksWithAzureAndOffice365" time="99.122" classname="ExtentReport.ExtentReportsClass"/>
  <testcase name="paladionNetworksWithAws" time="94.678" classname="ExtentReport.ExtentReportsClass"/>
  <testcase name="paladionNetworksWithAzure" time="69.446" classname="ExtentReport.ExtentReportsClass"/>
  <testcase name="UPL" time="13.47" classname="ExtentReport.ExtentReportsClass"/>
  <testcase name="AlMuhaidib" time="95.838" classname="ExtentReport.ExtentReportsClass"/>
  <testcase name="goDigitWithAWS" time="95.204" classname="ExtentReport.ExtentReportsClass"/>
  <testcase name="ASG" time="96.167" classname="ExtentReport.ExtentReportsClass"/>
  <testcase name="spiGlobalAzureAndOffice365" time="95.919" classname="ExtentReport.ExtentReportsClass"/>
  <testcase name="TrainzWithAzure" time="96.828" classname="ExtentReport.ExtentReportsClass"/>
  <testcase name="SPIGlobalWithAWS" time="93.963" classname="ExtentReport.ExtentReportsClass"/>
  <testcase name="UNICOIL" time="95.791" classname="ExtentReport.ExtentReportsClass"/>
  <testcase name="UtkarshBank" time="61.94" classname="ExtentReport.ExtentReportsClass"/>
  <testcase name="commonsaaslecind" time="92.115" classname="ExtentReport.ExtentReportsClass"/>
  <testcase name="ThomasCook" time="90.561" classname="ExtentReport.ExtentReportsClass"/>
  <testcase name="GoDigitAzureAndOffice365" time="107.593" classname="ExtentReport.ExtentReportsClass"/>
  <testcase name="commonsaaslecwipfli" time="96.338" classname="ExtentReport.ExtentReportsClass"/>
  <testcase name="MCGUIRE" time="98.367" classname="ExtentReport.ExtentReportsClass"/>
  <testcase name="WipfliLLPWithAzureAndO365" time="66.518" classname="ExtentReport.ExtentReportsClass"/>
  <testcase name="HPG" time="102.481" classname="ExtentReport.ExtentReportsClass"/>
  <testcase name="commonsaaslecusa" time="95.321" classname="ExtentReport.ExtentReportsClass"/>
  <testcase name="commonsaaslecpocusa" time="96.513" classname="ExtentReport.ExtentReportsClass"/>
  <testcase name="mdrazcentrallec" time="98.326" classname="ExtentReport.ExtentReportsClass"/>
</testsuite> <!-- Default test -->
